<?xml version="1.0" encoding="UTF-8"?>
<coverage generated="1778876159086" clover="3.2.0">
  <project timestamp="1778876159086" name="All files">
    <metrics statements="289" coveredstatements="238" conditionals="206" coveredconditionals="143" methods="71" coveredmethods="56" elements="566" coveredelements="437" complexity="0" loc="289" ncloc="289" packages="1" files="6" classes="6"/>
    <file name="error-classifier.ts" path="/home/moika/Documents/code/origen-chat/lib/error-classifier.ts">
      <metrics statements="5" coveredstatements="5" conditionals="18" coveredconditionals="18" methods="1" coveredmethods="1"/>
      <line num="5" count="17" type="stmt"/>
      <line num="6" count="17" type="cond" truecount="5" falsecount="0"/>
      <line num="7" count="12" type="cond" truecount="7" falsecount="0"/>
      <line num="8" count="7" type="cond" truecount="6" falsecount="0"/>
      <line num="9" count="3" type="stmt"/>
    </file>
    <file name="models.ts" path="/home/moika/Documents/code/origen-chat/lib/models.ts">
      <metrics statements="19" coveredstatements="15" conditionals="19" coveredconditionals="12" methods="8" coveredmethods="6"/>
      <line num="16" count="2" type="stmt"/>
      <line num="56" count="0" type="cond" truecount="0" falsecount="3"/>
      <line num="64" count="0" type="stmt"/>
      <line num="65" count="0" type="cond" truecount="0" falsecount="2"/>
      <line num="66" count="0" type="cond" truecount="0" falsecount="2"/>
      <line num="74" count="4" type="cond" truecount="2" falsecount="0"/>
      <line num="75" count="3" type="cond" truecount="2" falsecount="0"/>
      <line num="76" count="1" type="stmt"/>
      <line num="79" count="2" type="stmt"/>
      <line num="83" count="44" type="stmt"/>
      <line num="84" count="16" type="stmt"/>
      <line num="89" count="44" type="stmt"/>
      <line num="90" count="28" type="stmt"/>
      <line num="98" count="7" type="cond" truecount="2" falsecount="0"/>
      <line num="99" count="7" type="stmt"/>
      <line num="101" count="7" type="stmt"/>
      <line num="114" count="7" type="cond" truecount="4" falsecount="0"/>
      <line num="115" count="1" type="stmt"/>
      <line num="118" count="6" type="cond" truecount="2" falsecount="0"/>
    </file>
    <file name="security.ts" path="/home/moika/Documents/code/origen-chat/lib/security.ts">
      <metrics statements="68" coveredstatements="57" conditionals="81" coveredconditionals="74" methods="5" coveredmethods="3"/>
      <line num="4" count="1" type="stmt"/>
      <line num="5" count="1" type="stmt"/>
      <line num="6" count="1" type="stmt"/>
      <line num="7" count="1" type="stmt"/>
      <line num="8" count="1" type="stmt"/>
      <line num="11" count="1" type="stmt"/>
      <line num="29" count="14" type="stmt"/>
      <line num="32" count="14" type="cond" truecount="4" falsecount="0"/>
      <line num="33" count="1" type="stmt"/>
      <line num="37" count="13" type="cond" truecount="2" falsecount="0"/>
      <line num="38" count="1" type="stmt"/>
      <line num="42" count="12" type="stmt"/>
      <line num="43" count="12" type="stmt"/>
      <line num="46" count="12" type="cond" truecount="4" falsecount="0"/>
      <line num="47" count="1" type="stmt"/>
      <line num="51" count="11" type="cond" truecount="2" falsecount="0"/>
      <line num="52" count="1" type="stmt"/>
      <line num="56" count="10" type="cond" truecount="2" falsecount="0"/>
      <line num="57" count="1" type="stmt"/>
      <line num="62" count="9" type="cond" truecount="2" falsecount="0"/>
      <line num="63" count="1" type="stmt"/>
      <line num="67" count="8" type="cond" truecount="2" falsecount="0"/>
      <line num="68" count="3" type="stmt"/>
      <line num="69" count="3" type="cond" truecount="2" falsecount="0"/>
      <line num="70" count="2" type="stmt"/>
      <line num="75" count="6" type="cond" truecount="5" falsecount="0"/>
      <line num="76" count="1" type="stmt"/>
      <line num="80" count="5" type="cond" truecount="4" falsecount="0"/>
      <line num="81" count="1" type="stmt"/>
      <line num="84" count="4" type="stmt"/>
      <line num="91" count="16" type="stmt"/>
      <line num="92" count="16" type="cond" truecount="4" falsecount="0"/>
      <line num="94" count="15" type="stmt"/>
      <line num="97" count="15" type="cond" truecount="2" falsecount="0"/>
      <line num="99" count="14" type="cond" truecount="2" falsecount="0"/>
      <line num="101" count="13" type="cond" truecount="2" falsecount="0"/>
      <line num="103" count="12" type="cond" truecount="4" falsecount="0"/>
      <line num="105" count="9" type="cond" truecount="5" falsecount="0"/>
      <line num="107" count="7" type="cond" truecount="4" falsecount="0"/>
      <line num="109" count="6" type="cond" truecount="2" falsecount="0"/>
      <line num="111" count="5" type="stmt"/>
      <line num="126" count="13" type="stmt"/>
      <line num="127" count="13" type="stmt"/>
      <line num="129" count="1" type="stmt"/>
      <line num="133" count="12" type="cond" truecount="4" falsecount="0"/>
      <line num="134" count="1" type="stmt"/>
      <line num="137" count="11" type="stmt"/>
      <line num="140" count="11" type="cond" truecount="5" falsecount="0"/>
      <line num="141" count="4" type="cond" truecount="2" falsecount="0"/>
      <line num="142" count="3" type="stmt"/>
      <line num="147" count="8" type="cond" truecount="2" falsecount="0"/>
      <line num="148" count="2" type="cond" truecount="1" falsecount="1"/>
      <line num="149" count="2" type="stmt"/>
      <line num="154" count="6" type="cond" truecount="5" falsecount="0"/>
      <line num="155" count="2" type="stmt"/>
      <line num="159" count="4" type="stmt"/>
      <line num="160" count="4" type="stmt"/>
      <line num="180" count="0" type="stmt"/>
      <line num="181" count="0" type="stmt"/>
      <line num="182" count="0" type="cond" truecount="0" falsecount="2"/>
      <line num="185" count="0" type="stmt"/>
      <line num="190" count="0" type="stmt"/>
      <line num="194" count="0" type="cond" truecount="0" falsecount="2"/>
      <line num="196" count="0" type="cond" truecount="0" falsecount="2"/>
      <line num="197" count="0" type="stmt"/>
      <line num="205" count="0" type="stmt"/>
      <line num="209" count="0" type="stmt"/>
      <line num="218" count="0" type="stmt"/>
    </file>
    <file name="session-store.ts" path="/home/moika/Documents/code/origen-chat/lib/session-store.ts">
      <metrics statements="64" coveredstatements="58" conditionals="20" coveredconditionals="12" methods="29" coveredmethods="25"/>
      <line num="31" count="2" type="stmt"/>
      <line num="32" count="2" type="stmt"/>
      <line num="33" count="2" type="stmt"/>
      <line num="36" count="126" type="stmt"/>
      <line num="37" count="126" type="stmt"/>
      <line num="38" count="126" type="stmt"/>
      <line num="39" count="12" type="stmt"/>
      <line num="40" count="12" type="cond" truecount="1" falsecount="1"/>
      <line num="41" count="12" type="stmt"/>
      <line num="42" count="12" type="stmt"/>
      <line num="45" count="126" type="stmt"/>
      <line num="46" count="126" type="stmt"/>
      <line num="54" count="76" type="stmt"/>
      <line num="56" count="76" type="stmt"/>
      <line num="57" count="76" type="stmt"/>
      <line num="58" count="76" type="stmt"/>
      <line num="59" count="76" type="stmt"/>
      <line num="60" count="76" type="stmt"/>
      <line num="61" count="76" type="stmt"/>
      <line num="62" count="76" type="stmt"/>
      <line num="69" count="25" type="stmt"/>
      <line num="70" count="25" type="stmt"/>
      <line num="82" count="25" type="stmt"/>
      <line num="87" count="38" type="stmt"/>
      <line num="92" count="50" type="stmt"/>
      <line num="93" count="50" type="stmt"/>
      <line num="94" count="50" type="stmt"/>
      <line num="95" count="50" type="stmt"/>
      <line num="96" count="50" type="stmt"/>
      <line num="97" count="50" type="stmt"/>
      <line num="98" count="50" type="stmt"/>
      <line num="99" count="50" type="stmt"/>
      <line num="100" count="4" type="stmt"/>
      <line num="102" count="50" type="stmt"/>
      <line num="104" count="50" type="stmt"/>
      <line num="105" count="50" type="stmt"/>
      <line num="111" count="13" type="stmt"/>
      <line num="116" count="2" type="stmt"/>
      <line num="117" count="2" type="cond" truecount="1" falsecount="1"/>
      <line num="118" count="2" type="stmt"/>
      <line num="119" count="2" type="stmt"/>
      <line num="124" count="3" type="cond" truecount="1" falsecount="1"/>
      <line num="125" count="3" type="cond" truecount="1" falsecount="1"/>
      <line num="133" count="8" type="stmt"/>
      <line num="134" count="8" type="cond" truecount="1" falsecount="1"/>
      <line num="136" count="8" type="cond" truecount="4" falsecount="0"/>
      <line num="137" count="3" type="stmt"/>
      <line num="139" count="8" type="stmt"/>
      <line num="140" count="8" type="stmt"/>
      <line num="141" count="8" type="stmt"/>
      <line num="142" count="8" type="stmt"/>
      <line num="150" count="2" type="stmt"/>
      <line num="151" count="2" type="cond" truecount="3" falsecount="1"/>
      <line num="152" count="2" type="stmt"/>
      <line num="153" count="2" type="stmt"/>
      <line num="154" count="2" type="stmt"/>
      <line num="155" count="2" type="stmt"/>
      <line num="156" count="2" type="stmt"/>
      <line num="165" count="0" type="stmt"/>
      <line num="166" count="0" type="cond" truecount="0" falsecount="2"/>
      <line num="167" count="0" type="stmt"/>
      <line num="168" count="0" type="stmt"/>
      <line num="169" count="0" type="stmt"/>
      <line num="170" count="0" type="stmt"/>
    </file>
    <file name="session-sync.ts" path="/home/moika/Documents/code/origen-chat/lib/session-sync.ts">
      <metrics statements="24" coveredstatements="18" conditionals="8" coveredconditionals="4" methods="6" coveredmethods="5"/>
      <line num="1" count="2" type="stmt"/>
      <line num="5" count="2" type="stmt"/>
      <line num="9" count="1" type="stmt"/>
      <line num="10" count="1" type="stmt"/>
      <line num="22" count="0" type="stmt"/>
      <line num="24" count="1" type="stmt"/>
      <line num="30" count="1" type="stmt"/>
      <line num="31" count="1" type="stmt"/>
      <line num="32" count="0" type="cond" truecount="0" falsecount="2"/>
      <line num="33" count="0" type="stmt"/>
      <line num="34" count="0" type="stmt"/>
      <line num="36" count="1" type="stmt"/>
      <line num="42" count="1" type="stmt"/>
      <line num="43" count="1" type="stmt"/>
      <line num="44" count="0" type="stmt"/>
      <line num="46" count="1" type="stmt"/>
      <line num="52" count="6" type="stmt"/>
      <line num="53" count="7" type="stmt"/>
      <line num="54" count="6" type="stmt"/>
      <line num="55" count="5" type="stmt"/>
      <line num="56" count="5" type="cond" truecount="4" falsecount="0"/>
      <line num="57" count="4" type="stmt"/>
      <line num="60" count="6" type="stmt"/>
      <line num="76" count="0" type="stmt"/>
    </file>
    <file name="use-sessions.ts" path="/home/moika/Documents/code/origen-chat/lib/use-sessions.ts">
      <metrics statements="109" coveredstatements="85" conditionals="60" coveredconditionals="23" methods="22" coveredmethods="16"/>
      <line num="1" count="1" type="stmt"/>
      <line num="21" count="47" type="stmt"/>
      <line num="22" count="47" type="stmt"/>
      <line num="23" count="47" type="stmt"/>
      <line num="24" count="47" type="stmt"/>
      <line num="26" count="47" type="stmt"/>
      <line num="29" count="47" type="stmt"/>
      <line num="30" count="11" type="stmt"/>
      <line num="31" count="11" type="stmt"/>
      <line num="32" count="11" type="stmt"/>
      <line num="36" count="47" type="stmt"/>
      <line num="37" count="22" type="stmt"/>
      <line num="38" count="22" type="stmt"/>
      <line num="42" count="47" type="stmt"/>
      <line num="43" count="0" type="stmt"/>
      <line num="44" count="0" type="stmt"/>
      <line num="45" count="0" type="cond" truecount="0" falsecount="2"/>
      <line num="46" count="0" type="stmt"/>
      <line num="48" count="0" type="stmt"/>
      <line num="49" count="0" type="stmt"/>
      <line num="51" count="0" type="stmt"/>
      <line num="58" count="47" type="stmt"/>
      <line num="60" count="11" type="stmt"/>
      <line num="61" count="11" type="stmt"/>
      <line num="62" count="11" type="stmt"/>
      <line num="63" count="11" type="stmt"/>
      <line num="64" count="11" type="stmt"/>
      <line num="65" count="11" type="stmt"/>
      <line num="71" count="47" type="stmt"/>
      <line num="73" count="1" type="stmt"/>
      <line num="74" count="1" type="cond" truecount="1" falsecount="1"/>
      <line num="75" count="1" type="stmt"/>
      <line num="76" count="1" type="stmt"/>
      <line num="83" count="47" type="stmt"/>
      <line num="85" count="1" type="stmt"/>
      <line num="86" count="1" type="cond" truecount="1" falsecount="1"/>
      <line num="87" count="1" type="stmt"/>
      <line num="88" count="1" type="stmt"/>
      <line num="90" count="1" type="stmt"/>
      <line num="96" count="47" type="stmt"/>
      <line num="98" count="1" type="stmt"/>
      <line num="99" count="1" type="stmt"/>
      <line num="100" count="1" type="cond" truecount="1" falsecount="1"/>
      <line num="101" count="1" type="cond" truecount="1" falsecount="1"/>
      <line num="108" count="47" type="stmt"/>
      <line num="110" count="6" type="cond" truecount="1" falsecount="1"/>
      <line num="111" count="6" type="cond" truecount="1" falsecount="1"/>
      <line num="112" count="6" type="stmt"/>
      <line num="113" count="6" type="cond" truecount="1" falsecount="1"/>
      <line num="114" count="6" type="stmt"/>
      <line num="115" count="6" type="stmt"/>
      <line num="129" count="47" type="stmt"/>
      <line num="131" count="1" type="cond" truecount="1" falsecount="1"/>
      <line num="132" count="1" type="cond" truecount="1" falsecount="1"/>
      <line num="134" count="1" type="stmt"/>
      <line num="135" count="1" type="cond" truecount="3" falsecount="1"/>
      <line num="136" count="1" type="stmt"/>
      <line num="137" count="1" type="stmt"/>
      <line num="141" count="1" type="stmt"/>
      <line num="145" count="1" type="cond" truecount="1" falsecount="1"/>
      <line num="146" count="1" type="stmt"/>
      <line num="147" count="0" type="cond" truecount="0" falsecount="2"/>
      <line num="149" count="0" type="stmt"/>
      <line num="150" count="0" type="cond" truecount="0" falsecount="4"/>
      <line num="151" count="0" type="stmt"/>
      <line num="153" count="0" type="stmt"/>
      <line num="156" count="0" type="stmt"/>
      <line num="164" count="47" type="stmt"/>
      <line num="166" count="1" type="cond" truecount="1" falsecount="1"/>
      <line num="167" count="1" type="cond" truecount="1" falsecount="1"/>
      <line num="168" count="1" type="cond" truecount="1" falsecount="1"/>
      <line num="169" count="1" type="stmt"/>
      <line num="170" count="1" type="cond" truecount="1" falsecount="1"/>
      <line num="171" count="1" type="stmt"/>
      <line num="172" count="1" type="stmt"/>
      <line num="179" count="47" type="stmt"/>
      <line num="180" count="1" type="stmt"/>
      <line num="181" count="1" type="stmt"/>
      <line num="186" count="47" type="stmt"/>
      <line num="188" count="1" type="stmt"/>
      <line num="189" count="1" type="cond" truecount="3" falsecount="1"/>
      <line num="190" count="1" type="stmt"/>
      <line num="192" count="1" type="stmt"/>
      <line num="196" count="1" type="stmt"/>
      <line num="197" count="1" type="stmt"/>
      <line num="202" count="1" type="stmt"/>
      <line num="203" count="1" type="stmt"/>
      <line num="204" count="1" type="stmt"/>
      <line num="205" count="1" type="stmt"/>
      <line num="211" count="47" type="stmt"/>
      <line num="213" count="1" type="stmt"/>
      <line num="214" count="1" type="cond" truecount="1" falsecount="1"/>
      <line num="215" count="1" type="cond" truecount="1" falsecount="1"/>
      <line num="216" count="1" type="stmt"/>
      <line num="217" count="1" type="cond" truecount="1" falsecount="1"/>
      <line num="218" count="1" type="stmt"/>
      <line num="224" count="47" type="stmt"/>
      <line num="225" count="0" type="cond" truecount="0" falsecount="4"/>
      <line num="226" count="0" type="stmt"/>
      <line num="227" count="0" type="cond" truecount="0" falsecount="2"/>
      <line num="229" count="0" type="cond" truecount="0" falsecount="2"/>
      <line num="230" count="0" type="cond" truecount="0" falsecount="2"/>
      <line num="231" count="0" type="stmt"/>
      <line num="232" count="0" type="stmt"/>
      <line num="237" count="0" type="stmt"/>
      <line num="238" count="0" type="stmt"/>
      <line num="239" count="0" type="stmt"/>
      <line num="240" count="0" type="stmt"/>
      <line num="243" count="47" type="stmt"/>
    </file>
  </project>
</coverage>
