{"/home/moika/Documents/code/origen-chat/lib/error-classifier.ts": {"path":"/home/moika/Documents/code/origen-chat/lib/error-classifier.ts","statementMap":{"0":{"start":{"line":5,"column":16},"end":{"line":5,"column":null}},"1":{"start":{"line":6,"column":2},"end":{"line":6,"column":null}},"2":{"start":{"line":6,"column":102},"end":{"line":6,"column":null}},"3":{"start":{"line":7,"column":2},"end":{"line":7,"column":null}},"4":{"start":{"line":7,"column":171},"end":{"line":7,"column":null}},"5":{"start":{"line":8,"column":2},"end":{"line":8,"column":null}},"6":{"start":{"line":8,"column":124},"end":{"line":8,"column":null}},"7":{"start":{"line":9,"column":2},"end":{"line":9,"column":null}}},"fnMap":{"0":{"name":"classifyError","decl":{"start":{"line":4,"column":16},"end":{"line":4,"column":30}},"loc":{"start":{"line":4,"column":58},"end":{"line":10,"column":null}},"line":4}},"branchMap":{"0":{"loc":{"start":{"line":6,"column":2},"end":{"line":6,"column":null}},"type":"if","locations":[{"start":{"line":6,"column":2},"end":{"line":6,"column":null}},{"start":{},"end":{}}],"line":6},"1":{"loc":{"start":{"line":6,"column":6},"end":{"line":6,"column":102}},"type":"binary-expr","locations":[{"start":{"line":6,"column":6},"end":{"line":6,"column":38}},{"start":{"line":6,"column":38},"end":{"line":6,"column":63}},{"start":{"line":6,"column":63},"end":{"line":6,"column":102}}],"line":6},"2":{"loc":{"start":{"line":7,"column":2},"end":{"line":7,"column":null}},"type":"if","locations":[{"start":{"line":7,"column":2},"end":{"line":7,"column":null}},{"start":{},"end":{}}],"line":7},"3":{"loc":{"start":{"line":7,"column":6},"end":{"line":7,"column":171}},"type":"binary-expr","locations":[{"start":{"line":7,"column":6},"end":{"line":7,"column":35}},{"start":{"line":7,"column":35},"end":{"line":7,"column":62}},{"start":{"line":7,"column":62},"end":{"line":7,"column":94}},{"start":{"line":7,"column":94},"end":{"line":7,"column":127}},{"start":{"line":7,"column":127},"end":{"line":7,"column":171}}],"line":7},"4":{"loc":{"start":{"line":8,"column":2},"end":{"line":8,"column":null}},"type":"if","locations":[{"start":{"line":8,"column":2},"end":{"line":8,"column":null}},{"start":{},"end":{}}],"line":8},"5":{"loc":{"start":{"line":8,"column":6},"end":{"line":8,"column":124}},"type":"binary-expr","locations":[{"start":{"line":8,"column":6},"end":{"line":8,"column":38}},{"start":{"line":8,"column":38},"end":{"line":8,"column":67}},{"start":{"line":8,"column":67},"end":{"line":8,"column":101}},{"start":{"line":8,"column":101},"end":{"line":8,"column":124}}],"line":8}},"s":{"0":17,"1":17,"2":5,"3":12,"4":5,"5":7,"6":4,"7":3},"f":{"0":17},"b":{"0":[5,12],"1":[17,14,13],"2":[5,7],"3":[12,10,9,8,8],"4":[4,3],"5":[7,6,4,3]},"meta":{"lastBranch":6,"lastFunction":1,"lastStatement":8,"seen":{"f:4:16:4:30":0,"s:5:16:5:Infinity":0,"b:6:2:6:Infinity:undefined:undefined:undefined:undefined":0,"s:6:2:6:Infinity":1,"b:6:6:6:38:6:38:6:63:6:63:6:102":1,"s:6:102:6:Infinity":2,"b:7:2:7:Infinity:undefined:undefined:undefined:undefined":2,"s:7:2:7:Infinity":3,"b:7:6:7:35:7:35:7:62:7:62:7:94:7:94:7:127:7:127:7:171":3,"s:7:171:7:Infinity":4,"b:8:2:8:Infinity:undefined:undefined:undefined:undefined":4,"s:8:2:8:Infinity":5,"b:8:6:8:38:8:38:8:67:8:67:8:101:8:101:8:124":5,"s:8:124:8:Infinity":6,"s:9:2:9:Infinity":7}}}
,"/home/moika/Documents/code/origen-chat/lib/models.ts": {"path":"/home/moika/Documents/code/origen-chat/lib/models.ts","statementMap":{"0":{"start":{"line":16,"column":47},"end":{"line":52,"column":null}},"1":{"start":{"line":56,"column":2},"end":{"line":56,"column":null}},"2":{"start":{"line":64,"column":16},"end":{"line":64,"column":null}},"3":{"start":{"line":65,"column":2},"end":{"line":65,"column":null}},"4":{"start":{"line":65,"column":14},"end":{"line":65,"column":null}},"5":{"start":{"line":66,"column":2},"end":{"line":66,"column":null}},"6":{"start":{"line":74,"column":2},"end":{"line":74,"column":null}},"7":{"start":{"line":74,"column":35},"end":{"line":74,"column":null}},"8":{"start":{"line":75,"column":2},"end":{"line":75,"column":null}},"9":{"start":{"line":75,"column":39},"end":{"line":75,"column":null}},"10":{"start":{"line":76,"column":2},"end":{"line":76,"column":null}},"11":{"start":{"line":79,"column":28},"end":{"line":92,"column":null}},"12":{"start":{"line":83,"column":25},"end":{"line":83,"column":31}},"13":{"start":{"line":84,"column":25},"end":{"line":84,"column":38}},"14":{"start":{"line":89,"column":25},"end":{"line":89,"column":32}},"15":{"start":{"line":90,"column":25},"end":{"line":90,"column":38}},"16":{"start":{"line":98,"column":15},"end":{"line":98,"column":null}},"17":{"start":{"line":99,"column":19},"end":{"line":99,"column":null}},"18":{"start":{"line":101,"column":66},"end":{"line":111,"column":null}},"19":{"start":{"line":114,"column":2},"end":{"line":116,"column":null}},"20":{"start":{"line":115,"column":4},"end":{"line":115,"column":null}},"21":{"start":{"line":118,"column":2},"end":{"line":118,"column":null}}},"fnMap":{"0":{"name":"isFreeModel","decl":{"start":{"line":55,"column":16},"end":{"line":55,"column":28}},"loc":{"start":{"line":55,"column":52},"end":{"line":57,"column":null}},"line":55},"1":{"name":"modelSupportsTools","decl":{"start":{"line":63,"column":16},"end":{"line":63,"column":35}},"loc":{"start":{"line":63,"column":61},"end":{"line":67,"column":null}},"line":63},"2":{"name":"stripOpenrouterPrefix","decl":{"start":{"line":73,"column":16},"end":{"line":73,"column":38}},"loc":{"start":{"line":73,"column":61},"end":{"line":77,"column":null}},"line":73},"3":{"name":"(anonymous_3)","decl":{"start":{"line":83,"column":7},"end":{"line":83,"column":15}},"loc":{"start":{"line":83,"column":25},"end":{"line":83,"column":31}},"line":83},"4":{"name":"(anonymous_4)","decl":{"start":{"line":84,"column":7},"end":{"line":84,"column":12}},"loc":{"start":{"line":84,"column":25},"end":{"line":84,"column":38}},"line":84},"5":{"name":"(anonymous_5)","decl":{"start":{"line":89,"column":7},"end":{"line":89,"column":15}},"loc":{"start":{"line":89,"column":25},"end":{"line":89,"column":32}},"line":89},"6":{"name":"(anonymous_6)","decl":{"start":{"line":90,"column":7},"end":{"line":90,"column":12}},"loc":{"start":{"line":90,"column":25},"end":{"line":90,"column":38}},"line":90},"7":{"name":"getProviderBadge","decl":{"start":{"line":97,"column":16},"end":{"line":97,"column":33}},"loc":{"start":{"line":97,"column":83},"end":{"line":119,"column":null}},"line":97}},"branchMap":{"0":{"loc":{"start":{"line":56,"column":9},"end":{"line":56,"column":null}},"type":"binary-expr","locations":[{"start":{"line":56,"column":9},"end":{"line":56,"column":40}},{"start":{"line":56,"column":40},"end":{"line":56,"column":67}},{"start":{"line":56,"column":67},"end":{"line":56,"column":null}}],"line":56},"1":{"loc":{"start":{"line":65,"column":2},"end":{"line":65,"column":null}},"type":"if","locations":[{"start":{"line":65,"column":2},"end":{"line":65,"column":null}},{"start":{},"end":{}}],"line":65},"2":{"loc":{"start":{"line":66,"column":9},"end":{"line":66,"column":null}},"type":"binary-expr","locations":[{"start":{"line":66,"column":9},"end":{"line":66,"column":24}},{"start":{"line":66,"column":24},"end":{"line":66,"column":null}}],"line":66},"3":{"loc":{"start":{"line":74,"column":2},"end":{"line":74,"column":null}},"type":"if","locations":[{"start":{"line":74,"column":2},"end":{"line":74,"column":null}},{"start":{},"end":{}}],"line":74},"4":{"loc":{"start":{"line":75,"column":2},"end":{"line":75,"column":null}},"type":"if","locations":[{"start":{"line":75,"column":2},"end":{"line":75,"column":null}},{"start":{},"end":{}}],"line":75},"5":{"loc":{"start":{"line":98,"column":15},"end":{"line":98,"column":null}},"type":"cond-expr","locations":[{"start":{"line":98,"column":51},"end":{"line":98,"column":89}},{"start":{"line":98,"column":89},"end":{"line":98,"column":null}}],"line":98},"6":{"loc":{"start":{"line":114,"column":2},"end":{"line":116,"column":null}},"type":"if","locations":[{"start":{"line":114,"column":2},"end":{"line":116,"column":null}},{"start":{},"end":{}}],"line":114},"7":{"loc":{"start":{"line":114,"column":6},"end":{"line":114,"column":56}},"type":"binary-expr","locations":[{"start":{"line":114,"column":6},"end":{"line":114,"column":39}},{"start":{"line":114,"column":39},"end":{"line":114,"column":56}}],"line":114},"8":{"loc":{"start":{"line":118,"column":9},"end":{"line":118,"column":null}},"type":"binary-expr","locations":[{"start":{"line":118,"column":9},"end":{"line":118,"column":29}},{"start":{"line":118,"column":29},"end":{"line":118,"column":null}}],"line":118}},"s":{"0":2,"1":0,"2":0,"3":0,"4":0,"5":0,"6":4,"7":1,"8":3,"9":3,"10":1,"11":2,"12":44,"13":16,"14":44,"15":28,"16":7,"17":7,"18":7,"19":7,"20":1,"21":6},"f":{"0":0,"1":0,"2":4,"3":44,"4":16,"5":44,"6":28,"7":7},"b":{"0":[0,0,0],"1":[0,0],"2":[0,0],"3":[1,3],"4":[2,1],"5":[6,1],"6":[1,6],"7":[7,6],"8":[6,1]},"meta":{"lastBranch":9,"lastFunction":8,"lastStatement":22,"seen":{"s:16:47:52:Infinity":0,"f:55:16:55:28":0,"s:56:2:56:Infinity":1,"b:56:9:56:40:56:40:56:67:56:67:56:Infinity":0,"f:63:16:63:35":1,"s:64:16:64:Infinity":2,"b:65:2:65:Infinity:undefined:undefined:undefined:undefined":1,"s:65:2:65:Infinity":3,"s:65:14:65:Infinity":4,"s:66:2:66:Infinity":5,"b:66:9:66:24:66:24:66:Infinity":2,"f:73:16:73:38":2,"b:74:2:74:Infinity:undefined:undefined:undefined:undefined":3,"s:74:2:74:Infinity":6,"s:74:35:74:Infinity":7,"b:75:2:75:Infinity:undefined:undefined:undefined:undefined":4,"s:75:2:75:Infinity":8,"s:75:39:75:Infinity":9,"s:76:2:76:Infinity":10,"s:79:28:92:Infinity":11,"f:83:7:83:15":3,"s:83:25:83:31":12,"f:84:7:84:12":4,"s:84:25:84:38":13,"f:89:7:89:15":5,"s:89:25:89:32":14,"f:90:7:90:12":6,"s:90:25:90:38":15,"f:97:16:97:33":7,"s:98:15:98:Infinity":16,"b:98:51:98:89:98:89:98:Infinity":5,"s:99:19:99:Infinity":17,"s:101:66:111:Infinity":18,"b:114:2:116:Infinity:undefined:undefined:undefined:undefined":6,"s:114:2:116:Infinity":19,"b:114:6:114:39:114:39:114:56":7,"s:115:4:115:Infinity":20,"s:118:2:118:Infinity":21,"b:118:9:118:29:118:29:118:Infinity":8}}}
,"/home/moika/Documents/code/origen-chat/lib/security.ts": {"path":"/home/moika/Documents/code/origen-chat/lib/security.ts","statementMap":{"0":{"start":{"line":4,"column":28},"end":{"line":4,"column":null}},"1":{"start":{"line":5,"column":34},"end":{"line":5,"column":null}},"2":{"start":{"line":6,"column":36},"end":{"line":6,"column":null}},"3":{"start":{"line":7,"column":39},"end":{"line":7,"column":null}},"4":{"start":{"line":8,"column":46},"end":{"line":8,"column":null}},"5":{"start":{"line":11,"column":31},"end":{"line":11,"column":null}},"6":{"start":{"line":29,"column":59},"end":{"line":29,"column":null}},"7":{"start":{"line":32,"column":2},"end":{"line":34,"column":null}},"8":{"start":{"line":33,"column":4},"end":{"line":33,"column":null}},"9":{"start":{"line":37,"column":2},"end":{"line":39,"column":null}},"10":{"start":{"line":38,"column":4},"end":{"line":38,"column":null}},"11":{"start":{"line":42,"column":2},"end":{"line":59,"column":null}},"12":{"start":{"line":42,"column":15},"end":{"line":42,"column":18}},"13":{"start":{"line":43,"column":16},"end":{"line":43,"column":null}},"14":{"start":{"line":46,"column":4},"end":{"line":48,"column":null}},"15":{"start":{"line":47,"column":6},"end":{"line":47,"column":null}},"16":{"start":{"line":51,"column":4},"end":{"line":53,"column":null}},"17":{"start":{"line":52,"column":6},"end":{"line":52,"column":null}},"18":{"start":{"line":56,"column":4},"end":{"line":58,"column":null}},"19":{"start":{"line":57,"column":6},"end":{"line":57,"column":null}},"20":{"start":{"line":62,"column":2},"end":{"line":64,"column":null}},"21":{"start":{"line":63,"column":4},"end":{"line":63,"column":null}},"22":{"start":{"line":67,"column":2},"end":{"line":72,"column":null}},"23":{"start":{"line":68,"column":22},"end":{"line":68,"column":null}},"24":{"start":{"line":69,"column":4},"end":{"line":71,"column":null}},"25":{"start":{"line":70,"column":6},"end":{"line":70,"column":null}},"26":{"start":{"line":75,"column":2},"end":{"line":77,"column":null}},"27":{"start":{"line":76,"column":4},"end":{"line":76,"column":null}},"28":{"start":{"line":80,"column":2},"end":{"line":82,"column":null}},"29":{"start":{"line":81,"column":4},"end":{"line":81,"column":null}},"30":{"start":{"line":84,"column":2},"end":{"line":84,"column":null}},"31":{"start":{"line":91,"column":16},"end":{"line":91,"column":null}},"32":{"start":{"line":92,"column":2},"end":{"line":92,"column":null}},"33":{"start":{"line":92,"column":47},"end":{"line":92,"column":null}},"34":{"start":{"line":94,"column":17},"end":{"line":94,"column":null}},"35":{"start":{"line":97,"column":2},"end":{"line":97,"column":null}},"36":{"start":{"line":97,"column":15},"end":{"line":97,"column":null}},"37":{"start":{"line":99,"column":2},"end":{"line":99,"column":null}},"38":{"start":{"line":99,"column":16},"end":{"line":99,"column":null}},"39":{"start":{"line":101,"column":2},"end":{"line":101,"column":null}},"40":{"start":{"line":101,"column":17},"end":{"line":101,"column":null}},"41":{"start":{"line":103,"column":2},"end":{"line":103,"column":null}},"42":{"start":{"line":103,"column":30},"end":{"line":103,"column":null}},"43":{"start":{"line":105,"column":2},"end":{"line":105,"column":null}},"44":{"start":{"line":105,"column":39},"end":{"line":105,"column":null}},"45":{"start":{"line":107,"column":2},"end":{"line":107,"column":null}},"46":{"start":{"line":107,"column":30},"end":{"line":107,"column":null}},"47":{"start":{"line":109,"column":2},"end":{"line":109,"column":null}},"48":{"start":{"line":109,"column":16},"end":{"line":109,"column":null}},"49":{"start":{"line":111,"column":2},"end":{"line":111,"column":null}},"50":{"start":{"line":126,"column":2},"end":{"line":130,"column":null}},"51":{"start":{"line":127,"column":4},"end":{"line":127,"column":null}},"52":{"start":{"line":129,"column":4},"end":{"line":129,"column":null}},"53":{"start":{"line":133,"column":2},"end":{"line":135,"column":null}},"54":{"start":{"line":134,"column":4},"end":{"line":134,"column":null}},"55":{"start":{"line":137,"column":19},"end":{"line":137,"column":null}},"56":{"start":{"line":140,"column":2},"end":{"line":144,"column":null}},"57":{"start":{"line":141,"column":4},"end":{"line":143,"column":null}},"58":{"start":{"line":142,"column":6},"end":{"line":142,"column":null}},"59":{"start":{"line":147,"column":2},"end":{"line":151,"column":null}},"60":{"start":{"line":148,"column":4},"end":{"line":150,"column":null}},"61":{"start":{"line":149,"column":6},"end":{"line":149,"column":null}},"62":{"start":{"line":154,"column":2},"end":{"line":156,"column":null}},"63":{"start":{"line":155,"column":4},"end":{"line":155,"column":null}},"64":{"start":{"line":159,"column":20},"end":{"line":159,"column":null}},"65":{"start":{"line":160,"column":2},"end":{"line":160,"column":null}},"66":{"start":{"line":180,"column":14},"end":{"line":180,"column":null}},"67":{"start":{"line":181,"column":22},"end":{"line":181,"column":null}},"68":{"start":{"line":182,"column":22},"end":{"line":182,"column":null}},"69":{"start":{"line":185,"column":2},"end":{"line":187,"column":null}},"70":{"start":{"line":190,"column":16},"end":{"line":192,"column":null}},"71":{"start":{"line":194,"column":24},"end":{"line":194,"column":null}},"72":{"start":{"line":196,"column":2},"end":{"line":202,"column":null}},"73":{"start":{"line":197,"column":4},"end":{"line":201,"column":null}},"74":{"start":{"line":205,"column":2},"end":{"line":207,"column":null}},"75":{"start":{"line":209,"column":2},"end":{"line":213,"column":null}},"76":{"start":{"line":218,"column":2},"end":{"line":224,"column":null}}},"fnMap":{"0":{"name":"validateChatRequest","decl":{"start":{"line":28,"column":16},"end":{"line":28,"column":36}},"loc":{"start":{"line":28,"column":79},"end":{"line":85,"column":null}},"line":28},"1":{"name":"isPrivateIP","decl":{"start":{"line":90,"column":16},"end":{"line":90,"column":28}},"loc":{"start":{"line":90,"column":49},"end":{"line":112,"column":null}},"line":90},"2":{"name":"sanitizeOllamaUrl","decl":{"start":{"line":121,"column":16},"end":{"line":121,"column":null}},"loc":{"start":{"line":124,"column":19},"end":{"line":161,"column":null}},"line":124},"3":{"name":"checkRateLimit","decl":{"start":{"line":175,"column":22},"end":{"line":175,"column":null}},"loc":{"start":{"line":179,"column":28},"end":{"line":214,"column":null}},"line":179},"4":{"name":"ensureRateLimitTable","decl":{"start":{"line":217,"column":22},"end":{"line":217,"column":43}},"loc":{"start":{"line":217,"column":67},"end":{"line":225,"column":null}},"line":217}},"branchMap":{"0":{"loc":{"start":{"line":32,"column":2},"end":{"line":34,"column":null}},"type":"if","locations":[{"start":{"line":32,"column":2},"end":{"line":34,"column":null}},{"start":{},"end":{}}],"line":32},"1":{"loc":{"start":{"line":32,"column":6},"end":{"line":32,"column":57}},"type":"binary-expr","locations":[{"start":{"line":32,"column":6},"end":{"line":32,"column":34}},{"start":{"line":32,"column":34},"end":{"line":32,"column":57}}],"line":32},"2":{"loc":{"start":{"line":37,"column":2},"end":{"line":39,"column":null}},"type":"if","locations":[{"start":{"line":37,"column":2},"end":{"line":39,"column":null}},{"start":{},"end":{}}],"line":37},"3":{"loc":{"start":{"line":46,"column":4},"end":{"line":48,"column":null}},"type":"if","locations":[{"start":{"line":46,"column":4},"end":{"line":48,"column":null}},{"start":{},"end":{}}],"line":46},"4":{"loc":{"start":{"line":46,"column":8},"end":{"line":46,"column":57}},"type":"binary-expr","locations":[{"start":{"line":46,"column":8},"end":{"line":46,"column":31}},{"start":{"line":46,"column":31},"end":{"line":46,"column":57}}],"line":46},"5":{"loc":{"start":{"line":51,"column":4},"end":{"line":53,"column":null}},"type":"if","locations":[{"start":{"line":51,"column":4},"end":{"line":53,"column":null}},{"start":{},"end":{}}],"line":51},"6":{"loc":{"start":{"line":56,"column":4},"end":{"line":58,"column":null}},"type":"if","locations":[{"start":{"line":56,"column":4},"end":{"line":58,"column":null}},{"start":{},"end":{}}],"line":56},"7":{"loc":{"start":{"line":62,"column":2},"end":{"line":64,"column":null}},"type":"if","locations":[{"start":{"line":62,"column":2},"end":{"line":64,"column":null}},{"start":{},"end":{}}],"line":62},"8":{"loc":{"start":{"line":67,"column":2},"end":{"line":72,"column":null}},"type":"if","locations":[{"start":{"line":67,"column":2},"end":{"line":72,"column":null}},{"start":{},"end":{}}],"line":67},"9":{"loc":{"start":{"line":69,"column":4},"end":{"line":71,"column":null}},"type":"if","locations":[{"start":{"line":69,"column":4},"end":{"line":71,"column":null}},{"start":{},"end":{}}],"line":69},"10":{"loc":{"start":{"line":75,"column":2},"end":{"line":77,"column":null}},"type":"if","locations":[{"start":{"line":75,"column":2},"end":{"line":77,"column":null}},{"start":{},"end":{}}],"line":75},"11":{"loc":{"start":{"line":75,"column":6},"end":{"line":75,"column":101}},"type":"binary-expr","locations":[{"start":{"line":75,"column":6},"end":{"line":75,"column":37}},{"start":{"line":75,"column":37},"end":{"line":75,"column":73}},{"start":{"line":75,"column":73},"end":{"line":75,"column":101}}],"line":75},"12":{"loc":{"start":{"line":80,"column":2},"end":{"line":82,"column":null}},"type":"if","locations":[{"start":{"line":80,"column":2},"end":{"line":82,"column":null}},{"start":{},"end":{}}],"line":80},"13":{"loc":{"start":{"line":80,"column":6},"end":{"line":80,"column":49}},"type":"binary-expr","locations":[{"start":{"line":80,"column":6},"end":{"line":80,"column":22}},{"start":{"line":80,"column":22},"end":{"line":80,"column":49}}],"line":80},"14":{"loc":{"start":{"line":92,"column":2},"end":{"line":92,"column":null}},"type":"if","locations":[{"start":{"line":92,"column":2},"end":{"line":92,"column":null}},{"start":{},"end":{}}],"line":92},"15":{"loc":{"start":{"line":92,"column":6},"end":{"line":92,"column":47}},"type":"binary-expr","locations":[{"start":{"line":92,"column":6},"end":{"line":92,"column":28}},{"start":{"line":92,"column":28},"end":{"line":92,"column":47}}],"line":92},"16":{"loc":{"start":{"line":97,"column":2},"end":{"line":97,"column":null}},"type":"if","locations":[{"start":{"line":97,"column":2},"end":{"line":97,"column":null}},{"start":{},"end":{}}],"line":97},"17":{"loc":{"start":{"line":99,"column":2},"end":{"line":99,"column":null}},"type":"if","locations":[{"start":{"line":99,"column":2},"end":{"line":99,"column":null}},{"start":{},"end":{}}],"line":99},"18":{"loc":{"start":{"line":101,"column":2},"end":{"line":101,"column":null}},"type":"if","locations":[{"start":{"line":101,"column":2},"end":{"line":101,"column":null}},{"start":{},"end":{}}],"line":101},"19":{"loc":{"start":{"line":103,"column":2},"end":{"line":103,"column":null}},"type":"if","locations":[{"start":{"line":103,"column":2},"end":{"line":103,"column":null}},{"start":{},"end":{}}],"line":103},"20":{"loc":{"start":{"line":103,"column":6},"end":{"line":103,"column":30}},"type":"binary-expr","locations":[{"start":{"line":103,"column":6},"end":{"line":103,"column":19}},{"start":{"line":103,"column":19},"end":{"line":103,"column":30}}],"line":103},"21":{"loc":{"start":{"line":105,"column":2},"end":{"line":105,"column":null}},"type":"if","locations":[{"start":{"line":105,"column":2},"end":{"line":105,"column":null}},{"start":{},"end":{}}],"line":105},"22":{"loc":{"start":{"line":105,"column":6},"end":{"line":105,"column":39}},"type":"binary-expr","locations":[{"start":{"line":105,"column":6},"end":{"line":105,"column":19}},{"start":{"line":105,"column":19},"end":{"line":105,"column":30}},{"start":{"line":105,"column":30},"end":{"line":105,"column":39}}],"line":105},"23":{"loc":{"start":{"line":107,"column":2},"end":{"line":107,"column":null}},"type":"if","locations":[{"start":{"line":107,"column":2},"end":{"line":107,"column":null}},{"start":{},"end":{}}],"line":107},"24":{"loc":{"start":{"line":107,"column":6},"end":{"line":107,"column":30}},"type":"binary-expr","locations":[{"start":{"line":107,"column":6},"end":{"line":107,"column":19}},{"start":{"line":107,"column":19},"end":{"line":107,"column":30}}],"line":107},"25":{"loc":{"start":{"line":109,"column":2},"end":{"line":109,"column":null}},"type":"if","locations":[{"start":{"line":109,"column":2},"end":{"line":109,"column":null}},{"start":{},"end":{}}],"line":109},"26":{"loc":{"start":{"line":123,"column":2},"end":{"line":123,"column":null}},"type":"default-arg","locations":[{"start":{"line":123,"column":42},"end":{"line":123,"column":null}}],"line":123},"27":{"loc":{"start":{"line":133,"column":2},"end":{"line":135,"column":null}},"type":"if","locations":[{"start":{"line":133,"column":2},"end":{"line":135,"column":null}},{"start":{},"end":{}}],"line":133},"28":{"loc":{"start":{"line":133,"column":6},"end":{"line":133,"column":61}},"type":"binary-expr","locations":[{"start":{"line":133,"column":6},"end":{"line":133,"column":35}},{"start":{"line":133,"column":35},"end":{"line":133,"column":61}}],"line":133},"29":{"loc":{"start":{"line":140,"column":2},"end":{"line":144,"column":null}},"type":"if","locations":[{"start":{"line":140,"column":2},"end":{"line":144,"column":null}},{"start":{},"end":{}}],"line":140},"30":{"loc":{"start":{"line":140,"column":6},"end":{"line":140,"column":82}},"type":"binary-expr","locations":[{"start":{"line":140,"column":6},"end":{"line":140,"column":34}},{"start":{"line":140,"column":34},"end":{"line":140,"column":62}},{"start":{"line":140,"column":62},"end":{"line":140,"column":82}}],"line":140},"31":{"loc":{"start":{"line":141,"column":4},"end":{"line":143,"column":null}},"type":"if","locations":[{"start":{"line":141,"column":4},"end":{"line":143,"column":null}},{"start":{},"end":{}}],"line":141},"32":{"loc":{"start":{"line":147,"column":2},"end":{"line":151,"column":null}},"type":"if","locations":[{"start":{"line":147,"column":2},"end":{"line":151,"column":null}},{"start":{},"end":{}}],"line":147},"33":{"loc":{"start":{"line":148,"column":4},"end":{"line":150,"column":null}},"type":"if","locations":[{"start":{"line":148,"column":4},"end":{"line":150,"column":null}},{"start":{},"end":{}}],"line":148},"34":{"loc":{"start":{"line":154,"column":2},"end":{"line":156,"column":null}},"type":"if","locations":[{"start":{"line":154,"column":2},"end":{"line":156,"column":null}},{"start":{},"end":{}}],"line":154},"35":{"loc":{"start":{"line":154,"column":6},"end":{"line":154,"column":104}},"type":"binary-expr","locations":[{"start":{"line":154,"column":6},"end":{"line":154,"column":37}},{"start":{"line":154,"column":37},"end":{"line":154,"column":71}},{"start":{"line":154,"column":71},"end":{"line":154,"column":104}}],"line":154},"36":{"loc":{"start":{"line":182,"column":22},"end":{"line":182,"column":null}},"type":"cond-expr","locations":[{"start":{"line":182,"column":38},"end":{"line":182,"column":71}},{"start":{"line":182,"column":71},"end":{"line":182,"column":null}}],"line":182},"37":{"loc":{"start":{"line":194,"column":24},"end":{"line":194,"column":null}},"type":"binary-expr","locations":[{"start":{"line":194,"column":24},"end":{"line":194,"column":46}},{"start":{"line":194,"column":46},"end":{"line":194,"column":null}}],"line":194},"38":{"loc":{"start":{"line":196,"column":2},"end":{"line":202,"column":null}},"type":"if","locations":[{"start":{"line":196,"column":2},"end":{"line":202,"column":null}},{"start":{},"end":{}}],"line":196}},"s":{"0":1,"1":1,"2":1,"3":1,"4":1,"5":1,"6":14,"7":14,"8":1,"9":13,"10":1,"11":12,"12":12,"13":12,"14":12,"15":1,"16":11,"17":1,"18":10,"19":1,"20":9,"21":1,"22":8,"23":3,"24":3,"25":2,"26":6,"27":1,"28":5,"29":1,"30":4,"31":16,"32":16,"33":1,"34":15,"35":15,"36":1,"37":14,"38":1,"39":13,"40":1,"41":12,"42":3,"43":9,"44":2,"45":7,"46":1,"47":6,"48":1,"49":5,"50":13,"51":13,"52":1,"53":12,"54":1,"55":11,"56":11,"57":4,"58":3,"59":8,"60":2,"61":2,"62":6,"63":2,"64":4,"65":4,"66":0,"67":0,"68":0,"69":0,"70":0,"71":0,"72":0,"73":0,"74":0,"75":0,"76":0},"f":{"0":14,"1":16,"2":13,"3":0,"4":0},"b":{"0":[1,13],"1":[14,14],"2":[1,12],"3":[1,11],"4":[12,1],"5":[1,10],"6":[1,9],"7":[1,8],"8":[3,5],"9":[2,1],"10":[1,5],"11":[6,3,3],"12":[1,4],"13":[5,2],"14":[1,15],"15":[16,15],"16":[1,14],"17":[1,13],"18":[1,12],"19":[3,9],"20":[12,3],"21":[2,7],"22":[9,4,3],"23":[1,6],"24":[7,1],"25":[1,5],"26":[13],"27":[1,11],"28":[12,9],"29":[4,7],"30":[11,8,7],"31":[3,1],"32":[2,6],"33":[2,0],"34":[2,4],"35":[6,5,4],"36":[0,0],"37":[0,0],"38":[0,0]},"meta":{"lastBranch":39,"lastFunction":5,"lastStatement":77,"seen":{"s:4:28:4:Infinity":0,"s:5:34:5:Infinity":1,"s:6:36:6:Infinity":2,"s:7:39:7:Infinity":3,"s:8:46:8:Infinity":4,"s:11:31:11:Infinity":5,"f:28:16:28:36":0,"s:29:59:29:Infinity":6,"b:32:2:34:Infinity:undefined:undefined:undefined:undefined":0,"s:32:2:34:Infinity":7,"b:32:6:32:34:32:34:32:57":1,"s:33:4:33:Infinity":8,"b:37:2:39:Infinity:undefined:undefined:undefined:undefined":2,"s:37:2:39:Infinity":9,"s:38:4:38:Infinity":10,"s:42:2:59:Infinity":11,"s:42:15:42:18":12,"s:43:16:43:Infinity":13,"b:46:4:48:Infinity:undefined:undefined:undefined:undefined":3,"s:46:4:48:Infinity":14,"b:46:8:46:31:46:31:46:57":4,"s:47:6:47:Infinity":15,"b:51:4:53:Infinity:undefined:undefined:undefined:undefined":5,"s:51:4:53:Infinity":16,"s:52:6:52:Infinity":17,"b:56:4:58:Infinity:undefined:undefined:undefined:undefined":6,"s:56:4:58:Infinity":18,"s:57:6:57:Infinity":19,"b:62:2:64:Infinity:undefined:undefined:undefined:undefined":7,"s:62:2:64:Infinity":20,"s:63:4:63:Infinity":21,"b:67:2:72:Infinity:undefined:undefined:undefined:undefined":8,"s:67:2:72:Infinity":22,"s:68:22:68:Infinity":23,"b:69:4:71:Infinity:undefined:undefined:undefined:undefined":9,"s:69:4:71:Infinity":24,"s:70:6:70:Infinity":25,"b:75:2:77:Infinity:undefined:undefined:undefined:undefined":10,"s:75:2:77:Infinity":26,"b:75:6:75:37:75:37:75:73:75:73:75:101":11,"s:76:4:76:Infinity":27,"b:80:2:82:Infinity:undefined:undefined:undefined:undefined":12,"s:80:2:82:Infinity":28,"b:80:6:80:22:80:22:80:49":13,"s:81:4:81:Infinity":29,"s:84:2:84:Infinity":30,"f:90:16:90:28":1,"s:91:16:91:Infinity":31,"b:92:2:92:Infinity:undefined:undefined:undefined:undefined":14,"s:92:2:92:Infinity":32,"b:92:6:92:28:92:28:92:47":15,"s:92:47:92:Infinity":33,"s:94:17:94:Infinity":34,"b:97:2:97:Infinity:undefined:undefined:undefined:undefined":16,"s:97:2:97:Infinity":35,"s:97:15:97:Infinity":36,"b:99:2:99:Infinity:undefined:undefined:undefined:undefined":17,"s:99:2:99:Infinity":37,"s:99:16:99:Infinity":38,"b:101:2:101:Infinity:undefined:undefined:undefined:undefined":18,"s:101:2:101:Infinity":39,"s:101:17:101:Infinity":40,"b:103:2:103:Infinity:undefined:undefined:undefined:undefined":19,"s:103:2:103:Infinity":41,"b:103:6:103:19:103:19:103:30":20,"s:103:30:103:Infinity":42,"b:105:2:105:Infinity:undefined:undefined:undefined:undefined":21,"s:105:2:105:Infinity":43,"b:105:6:105:19:105:19:105:30:105:30:105:39":22,"s:105:39:105:Infinity":44,"b:107:2:107:Infinity:undefined:undefined:undefined:undefined":23,"s:107:2:107:Infinity":45,"b:107:6:107:19:107:19:107:30":24,"s:107:30:107:Infinity":46,"b:109:2:109:Infinity:undefined:undefined:undefined:undefined":25,"s:109:2:109:Infinity":47,"s:109:16:109:Infinity":48,"s:111:2:111:Infinity":49,"f:121:16:121:Infinity":2,"b:123:42:123:Infinity":26,"s:126:2:130:Infinity":50,"s:127:4:127:Infinity":51,"s:129:4:129:Infinity":52,"b:133:2:135:Infinity:undefined:undefined:undefined:undefined":27,"s:133:2:135:Infinity":53,"b:133:6:133:35:133:35:133:61":28,"s:134:4:134:Infinity":54,"s:137:19:137:Infinity":55,"b:140:2:144:Infinity:undefined:undefined:undefined:undefined":29,"s:140:2:144:Infinity":56,"b:140:6:140:34:140:34:140:62:140:62:140:82":30,"b:141:4:143:Infinity:undefined:undefined:undefined:undefined":31,"s:141:4:143:Infinity":57,"s:142:6:142:Infinity":58,"b:147:2:151:Infinity:undefined:undefined:undefined:undefined":32,"s:147:2:151:Infinity":59,"b:148:4:150:Infinity:undefined:undefined:undefined:undefined":33,"s:148:4:150:Infinity":60,"s:149:6:149:Infinity":61,"b:154:2:156:Infinity:undefined:undefined:undefined:undefined":34,"s:154:2:156:Infinity":62,"b:154:6:154:37:154:37:154:71:154:71:154:104":35,"s:155:4:155:Infinity":63,"s:159:20:159:Infinity":64,"s:160:2:160:Infinity":65,"f:175:22:175:Infinity":3,"s:180:14:180:Infinity":66,"s:181:22:181:Infinity":67,"s:182:22:182:Infinity":68,"b:182:38:182:71:182:71:182:Infinity":36,"s:185:2:187:Infinity":69,"s:190:16:192:Infinity":70,"s:194:24:194:Infinity":71,"b:194:24:194:46:194:46:194:Infinity":37,"b:196:2:202:Infinity:undefined:undefined:undefined:undefined":38,"s:196:2:202:Infinity":72,"s:197:4:201:Infinity":73,"s:205:2:207:Infinity":74,"s:209:2:213:Infinity":75,"f:217:22:217:43":4,"s:218:2:224:Infinity":76}}}
,"/home/moika/Documents/code/origen-chat/lib/session-store.ts": {"path":"/home/moika/Documents/code/origen-chat/lib/session-store.ts","statementMap":{"0":{"start":{"line":31,"column":16},"end":{"line":31,"column":null}},"1":{"start":{"line":32,"column":19},"end":{"line":32,"column":null}},"2":{"start":{"line":33,"column":19},"end":{"line":33,"column":null}},"3":{"start":{"line":36,"column":2},"end":{"line":47,"column":null}},"4":{"start":{"line":37,"column":20},"end":{"line":37,"column":null}},"5":{"start":{"line":38,"column":4},"end":{"line":44,"column":null}},"6":{"start":{"line":39,"column":17},"end":{"line":39,"column":null}},"7":{"start":{"line":40,"column":6},"end":{"line":43,"column":null}},"8":{"start":{"line":41,"column":22},"end":{"line":41,"column":null}},"9":{"start":{"line":42,"column":8},"end":{"line":42,"column":null}},"10":{"start":{"line":45,"column":4},"end":{"line":45,"column":null}},"11":{"start":{"line":45,"column":30},"end":{"line":45,"column":null}},"12":{"start":{"line":46,"column":4},"end":{"line":46,"column":null}},"13":{"start":{"line":46,"column":28},"end":{"line":46,"column":null}},"14":{"start":{"line":54,"column":2},"end":{"line":64,"column":null}},"15":{"start":{"line":56,"column":6},"end":{"line":63,"column":null}},"16":{"start":{"line":57,"column":19},"end":{"line":57,"column":null}},"17":{"start":{"line":58,"column":22},"end":{"line":58,"column":null}},"18":{"start":{"line":59,"column":24},"end":{"line":59,"column":null}},"19":{"start":{"line":60,"column":8},"end":{"line":60,"column":null}},"20":{"start":{"line":60,"column":34},"end":{"line":60,"column":null}},"21":{"start":{"line":61,"column":8},"end":{"line":61,"column":null}},"22":{"start":{"line":61,"column":32},"end":{"line":61,"column":null}},"23":{"start":{"line":62,"column":8},"end":{"line":62,"column":null}},"24":{"start":{"line":62,"column":30},"end":{"line":62,"column":null}},"25":{"start":{"line":69,"column":14},"end":{"line":69,"column":null}},"26":{"start":{"line":70,"column":2},"end":{"line":77,"column":null}},"27":{"start":{"line":82,"column":2},"end":{"line":82,"column":null}},"28":{"start":{"line":82,"column":42},"end":{"line":82,"column":55}},"29":{"start":{"line":87,"column":2},"end":{"line":87,"column":null}},"30":{"start":{"line":87,"column":42},"end":{"line":87,"column":60}},"31":{"start":{"line":92,"column":13},"end":{"line":92,"column":null}},"32":{"start":{"line":93,"column":2},"end":{"line":106,"column":null}},"33":{"start":{"line":94,"column":15},"end":{"line":94,"column":null}},"34":{"start":{"line":95,"column":18},"end":{"line":95,"column":null}},"35":{"start":{"line":96,"column":18},"end":{"line":96,"column":null}},"36":{"start":{"line":97,"column":20},"end":{"line":97,"column":null}},"37":{"start":{"line":98,"column":4},"end":{"line":103,"column":null}},"38":{"start":{"line":99,"column":24},"end":{"line":101,"column":null}},"39":{"start":{"line":100,"column":18},"end":{"line":100,"column":null}},"40":{"start":{"line":102,"column":6},"end":{"line":102,"column":null}},"41":{"start":{"line":104,"column":4},"end":{"line":104,"column":null}},"42":{"start":{"line":104,"column":28},"end":{"line":104,"column":null}},"43":{"start":{"line":105,"column":4},"end":{"line":105,"column":null}},"44":{"start":{"line":105,"column":26},"end":{"line":105,"column":null}},"45":{"start":{"line":111,"column":2},"end":{"line":111,"column":null}},"46":{"start":{"line":111,"column":42},"end":{"line":111,"column":58}},"47":{"start":{"line":116,"column":18},"end":{"line":116,"column":null}},"48":{"start":{"line":117,"column":2},"end":{"line":117,"column":null}},"49":{"start":{"line":117,"column":16},"end":{"line":117,"column":null}},"50":{"start":{"line":118,"column":2},"end":{"line":118,"column":null}},"51":{"start":{"line":119,"column":2},"end":{"line":119,"column":null}},"52":{"start":{"line":124,"column":20},"end":{"line":124,"column":null}},"53":{"start":{"line":125,"column":2},"end":{"line":125,"column":null}},"54":{"start":{"line":133,"column":18},"end":{"line":133,"column":null}},"55":{"start":{"line":134,"column":2},"end":{"line":134,"column":null}},"56":{"start":{"line":134,"column":16},"end":{"line":134,"column":null}},"57":{"start":{"line":136,"column":2},"end":{"line":138,"column":null}},"58":{"start":{"line":137,"column":4},"end":{"line":137,"column":null}},"59":{"start":{"line":139,"column":2},"end":{"line":139,"column":null}},"60":{"start":{"line":140,"column":2},"end":{"line":140,"column":null}},"61":{"start":{"line":141,"column":2},"end":{"line":141,"column":null}},"62":{"start":{"line":142,"column":2},"end":{"line":142,"column":null}},"63":{"start":{"line":150,"column":18},"end":{"line":150,"column":null}},"64":{"start":{"line":151,"column":2},"end":{"line":151,"column":null}},"65":{"start":{"line":151,"column":49},"end":{"line":151,"column":null}},"66":{"start":{"line":152,"column":15},"end":{"line":152,"column":null}},"67":{"start":{"line":153,"column":2},"end":{"line":153,"column":null}},"68":{"start":{"line":154,"column":2},"end":{"line":154,"column":null}},"69":{"start":{"line":155,"column":2},"end":{"line":155,"column":null}},"70":{"start":{"line":156,"column":2},"end":{"line":156,"column":null}},"71":{"start":{"line":165,"column":18},"end":{"line":165,"column":null}},"72":{"start":{"line":166,"column":2},"end":{"line":166,"column":null}},"73":{"start":{"line":166,"column":16},"end":{"line":166,"column":null}},"74":{"start":{"line":167,"column":2},"end":{"line":167,"column":null}},"75":{"start":{"line":168,"column":2},"end":{"line":168,"column":null}},"76":{"start":{"line":169,"column":2},"end":{"line":169,"column":null}},"77":{"start":{"line":170,"column":2},"end":{"line":170,"column":null}}},"fnMap":{"0":{"name":"openDB","decl":{"start":{"line":35,"column":9},"end":{"line":35,"column":40}},"loc":{"start":{"line":35,"column":40},"end":{"line":48,"column":null}},"line":35},"1":{"name":"(anonymous_1)","decl":{"start":{"line":36,"column":13},"end":{"line":36,"column":22}},"loc":{"start":{"line":36,"column":42},"end":{"line":47,"column":3}},"line":36},"2":{"name":"(anonymous_2)","decl":{"start":{"line":38,"column":12},"end":{"line":38,"column":36}},"loc":{"start":{"line":38,"column":36},"end":{"line":44,"column":null}},"line":38},"3":{"name":"(anonymous_3)","decl":{"start":{"line":45,"column":12},"end":{"line":45,"column":30}},"loc":{"start":{"line":45,"column":30},"end":{"line":45,"column":null}},"line":45},"4":{"name":"(anonymous_4)","decl":{"start":{"line":46,"column":12},"end":{"line":46,"column":28}},"loc":{"start":{"line":46,"column":28},"end":{"line":46,"column":null}},"line":46},"5":{"name":"withStore","decl":{"start":{"line":50,"column":9},"end":{"line":50,"column":null}},"loc":{"start":{"line":53,"column":14},"end":{"line":65,"column":null}},"line":53},"6":{"name":"(anonymous_6)","decl":{"start":{"line":54,"column":18},"end":{"line":54,"column":null}},"loc":{"start":{"line":56,"column":6},"end":{"line":63,"column":null}},"line":56},"7":{"name":"(anonymous_7)","decl":{"start":{"line":56,"column":10},"end":{"line":56,"column":19}},"loc":{"start":{"line":56,"column":39},"end":{"line":63,"column":7}},"line":56},"8":{"name":"(anonymous_8)","decl":{"start":{"line":60,"column":16},"end":{"line":60,"column":34}},"loc":{"start":{"line":60,"column":34},"end":{"line":60,"column":null}},"line":60},"9":{"name":"(anonymous_9)","decl":{"start":{"line":61,"column":16},"end":{"line":61,"column":32}},"loc":{"start":{"line":61,"column":32},"end":{"line":61,"column":null}},"line":61},"10":{"name":"(anonymous_10)","decl":{"start":{"line":62,"column":11},"end":{"line":62,"column":30}},"loc":{"start":{"line":62,"column":30},"end":{"line":62,"column":null}},"line":62},"11":{"name":"createSession","decl":{"start":{"line":68,"column":16},"end":{"line":68,"column":30}},"loc":{"start":{"line":68,"column":54},"end":{"line":78,"column":null}},"line":68},"12":{"name":"getSession","decl":{"start":{"line":81,"column":22},"end":{"line":81,"column":33}},"loc":{"start":{"line":81,"column":70},"end":{"line":83,"column":null}},"line":81},"13":{"name":"(anonymous_13)","decl":{"start":{"line":82,"column":19},"end":{"line":82,"column":32}},"loc":{"start":{"line":82,"column":42},"end":{"line":82,"column":55}},"line":82},"14":{"name":"saveSession","decl":{"start":{"line":86,"column":22},"end":{"line":86,"column":34}},"loc":{"start":{"line":86,"column":67},"end":{"line":88,"column":null}},"line":86},"15":{"name":"(anonymous_15)","decl":{"start":{"line":87,"column":18},"end":{"line":87,"column":32}},"loc":{"start":{"line":87,"column":42},"end":{"line":87,"column":60}},"line":87},"16":{"name":"listSessions","decl":{"start":{"line":91,"column":22},"end":{"line":91,"column":57}},"loc":{"start":{"line":91,"column":57},"end":{"line":107,"column":null}},"line":91},"17":{"name":"(anonymous_17)","decl":{"start":{"line":93,"column":13},"end":{"line":93,"column":22}},"loc":{"start":{"line":93,"column":42},"end":{"line":106,"column":3}},"line":93},"18":{"name":"(anonymous_18)","decl":{"start":{"line":98,"column":12},"end":{"line":98,"column":30}},"loc":{"start":{"line":98,"column":30},"end":{"line":103,"column":null}},"line":98},"19":{"name":"(anonymous_19)","decl":{"start":{"line":99,"column":53},"end":{"line":99,"column":null}},"loc":{"start":{"line":100,"column":18},"end":{"line":100,"column":null}},"line":100},"20":{"name":"(anonymous_20)","decl":{"start":{"line":104,"column":12},"end":{"line":104,"column":28}},"loc":{"start":{"line":104,"column":28},"end":{"line":104,"column":null}},"line":104},"21":{"name":"(anonymous_21)","decl":{"start":{"line":105,"column":7},"end":{"line":105,"column":26}},"loc":{"start":{"line":105,"column":26},"end":{"line":105,"column":null}},"line":105},"22":{"name":"deleteSession","decl":{"start":{"line":110,"column":22},"end":{"line":110,"column":36}},"loc":{"start":{"line":110,"column":63},"end":{"line":112,"column":null}},"line":110},"23":{"name":"(anonymous_23)","decl":{"start":{"line":111,"column":18},"end":{"line":111,"column":32}},"loc":{"start":{"line":111,"column":42},"end":{"line":111,"column":58}},"line":111},"24":{"name":"renameSession","decl":{"start":{"line":115,"column":22},"end":{"line":115,"column":36}},"loc":{"start":{"line":115,"column":78},"end":{"line":120,"column":null}},"line":115},"25":{"name":"autoTitle","decl":{"start":{"line":123,"column":16},"end":{"line":123,"column":26}},"loc":{"start":{"line":123,"column":51},"end":{"line":126,"column":null}},"line":123},"26":{"name":"appendMessage","decl":{"start":{"line":129,"column":22},"end":{"line":129,"column":null}},"loc":{"start":{"line":132,"column":27},"end":{"line":143,"column":null}},"line":132},"27":{"name":"updateLastMessage","decl":{"start":{"line":146,"column":22},"end":{"line":146,"column":null}},"loc":{"start":{"line":149,"column":27},"end":{"line":157,"column":null}},"line":149},"28":{"name":"replaceMessagesFrom","decl":{"start":{"line":160,"column":22},"end":{"line":160,"column":null}},"loc":{"start":{"line":164,"column":27},"end":{"line":171,"column":null}},"line":164}},"branchMap":{"0":{"loc":{"start":{"line":40,"column":6},"end":{"line":43,"column":null}},"type":"if","locations":[{"start":{"line":40,"column":6},"end":{"line":43,"column":null}},{"start":{},"end":{}}],"line":40},"1":{"loc":{"start":{"line":117,"column":2},"end":{"line":117,"column":null}},"type":"if","locations":[{"start":{"line":117,"column":2},"end":{"line":117,"column":null}},{"start":{},"end":{}}],"line":117},"2":{"loc":{"start":{"line":124,"column":20},"end":{"line":124,"column":null}},"type":"binary-expr","locations":[{"start":{"line":124,"column":20},"end":{"line":124,"column":46}},{"start":{"line":124,"column":46},"end":{"line":124,"column":null}}],"line":124},"3":{"loc":{"start":{"line":125,"column":9},"end":{"line":125,"column":null}},"type":"cond-expr","locations":[{"start":{"line":125,"column":33},"end":{"line":125,"column":66}},{"start":{"line":125,"column":66},"end":{"line":125,"column":null}}],"line":125},"4":{"loc":{"start":{"line":134,"column":2},"end":{"line":134,"column":null}},"type":"if","locations":[{"start":{"line":134,"column":2},"end":{"line":134,"column":null}},{"start":{},"end":{}}],"line":134},"5":{"loc":{"start":{"line":136,"column":2},"end":{"line":138,"column":null}},"type":"if","locations":[{"start":{"line":136,"column":2},"end":{"line":138,"column":null}},{"start":{},"end":{}}],"line":136},"6":{"loc":{"start":{"line":136,"column":6},"end":{"line":136,"column":64}},"type":"binary-expr","locations":[{"start":{"line":136,"column":6},"end":{"line":136,"column":33}},{"start":{"line":136,"column":33},"end":{"line":136,"column":64}}],"line":136},"7":{"loc":{"start":{"line":151,"column":2},"end":{"line":151,"column":null}},"type":"if","locations":[{"start":{"line":151,"column":2},"end":{"line":151,"column":null}},{"start":{},"end":{}}],"line":151},"8":{"loc":{"start":{"line":151,"column":6},"end":{"line":151,"column":49}},"type":"binary-expr","locations":[{"start":{"line":151,"column":6},"end":{"line":151,"column":18}},{"start":{"line":151,"column":18},"end":{"line":151,"column":49}}],"line":151},"9":{"loc":{"start":{"line":166,"column":2},"end":{"line":166,"column":null}},"type":"if","locations":[{"start":{"line":166,"column":2},"end":{"line":166,"column":null}},{"start":{},"end":{}}],"line":166}},"s":{"0":2,"1":2,"2":2,"3":126,"4":126,"5":126,"6":12,"7":12,"8":12,"9":12,"10":126,"11":126,"12":126,"13":0,"14":76,"15":76,"16":76,"17":76,"18":76,"19":76,"20":76,"21":76,"22":0,"23":76,"24":76,"25":25,"26":25,"27":25,"28":25,"29":38,"30":38,"31":50,"32":50,"33":50,"34":50,"35":50,"36":50,"37":50,"38":50,"39":4,"40":50,"41":50,"42":0,"43":50,"44":50,"45":13,"46":13,"47":2,"48":2,"49":0,"50":2,"51":2,"52":3,"53":3,"54":8,"55":8,"56":0,"57":8,"58":3,"59":8,"60":8,"61":8,"62":8,"63":2,"64":2,"65":0,"66":2,"67":2,"68":2,"69":2,"70":2,"71":0,"72":0,"73":0,"74":0,"75":0,"76":0,"77":0},"f":{"0":126,"1":126,"2":12,"3":126,"4":0,"5":76,"6":76,"7":76,"8":76,"9":0,"10":76,"11":25,"12":25,"13":25,"14":38,"15":38,"16":50,"17":50,"18":50,"19":4,"20":0,"21":50,"22":13,"23":13,"24":2,"25":3,"26":8,"27":2,"28":0},"b":{"0":[12,0],"1":[0,2],"2":[3,0],"3":[0,3],"4":[0,8],"5":[3,5],"6":[8,4],"7":[0,2],"8":[2,2],"9":[0,0]},"meta":{"lastBranch":10,"lastFunction":29,"lastStatement":78,"seen":{"s:31:16:31:Infinity":0,"s:32:19:32:Infinity":1,"s:33:19:33:Infinity":2,"f:35:9:35:40":0,"s:36:2:47:Infinity":3,"f:36:13:36:22":1,"s:37:20:37:Infinity":4,"s:38:4:44:Infinity":5,"f:38:12:38:36":2,"s:39:17:39:Infinity":6,"b:40:6:43:Infinity:undefined:undefined:undefined:undefined":0,"s:40:6:43:Infinity":7,"s:41:22:41:Infinity":8,"s:42:8:42:Infinity":9,"s:45:4:45:Infinity":10,"f:45:12:45:30":3,"s:45:30:45:Infinity":11,"s:46:4:46:Infinity":12,"f:46:12:46:28":4,"s:46:28:46:Infinity":13,"f:50:9:50:Infinity":5,"s:54:2:64:Infinity":14,"f:54:18:54:Infinity":6,"s:56:6:63:Infinity":15,"f:56:10:56:19":7,"s:57:19:57:Infinity":16,"s:58:22:58:Infinity":17,"s:59:24:59:Infinity":18,"s:60:8:60:Infinity":19,"f:60:16:60:34":8,"s:60:34:60:Infinity":20,"s:61:8:61:Infinity":21,"f:61:16:61:32":9,"s:61:32:61:Infinity":22,"s:62:8:62:Infinity":23,"f:62:11:62:30":10,"s:62:30:62:Infinity":24,"f:68:16:68:30":11,"s:69:14:69:Infinity":25,"s:70:2:77:Infinity":26,"f:81:22:81:33":12,"s:82:2:82:Infinity":27,"f:82:19:82:32":13,"s:82:42:82:55":28,"f:86:22:86:34":14,"s:87:2:87:Infinity":29,"f:87:18:87:32":15,"s:87:42:87:60":30,"f:91:22:91:57":16,"s:92:13:92:Infinity":31,"s:93:2:106:Infinity":32,"f:93:13:93:22":17,"s:94:15:94:Infinity":33,"s:95:18:95:Infinity":34,"s:96:18:96:Infinity":35,"s:97:20:97:Infinity":36,"s:98:4:103:Infinity":37,"f:98:12:98:30":18,"s:99:24:101:Infinity":38,"f:99:53:99:Infinity":19,"s:100:18:100:Infinity":39,"s:102:6:102:Infinity":40,"s:104:4:104:Infinity":41,"f:104:12:104:28":20,"s:104:28:104:Infinity":42,"s:105:4:105:Infinity":43,"f:105:7:105:26":21,"s:105:26:105:Infinity":44,"f:110:22:110:36":22,"s:111:2:111:Infinity":45,"f:111:18:111:32":23,"s:111:42:111:58":46,"f:115:22:115:36":24,"s:116:18:116:Infinity":47,"b:117:2:117:Infinity:undefined:undefined:undefined:undefined":1,"s:117:2:117:Infinity":48,"s:117:16:117:Infinity":49,"s:118:2:118:Infinity":50,"s:119:2:119:Infinity":51,"f:123:16:123:26":25,"s:124:20:124:Infinity":52,"b:124:20:124:46:124:46:124:Infinity":2,"s:125:2:125:Infinity":53,"b:125:33:125:66:125:66:125:Infinity":3,"f:129:22:129:Infinity":26,"s:133:18:133:Infinity":54,"b:134:2:134:Infinity:undefined:undefined:undefined:undefined":4,"s:134:2:134:Infinity":55,"s:134:16:134:Infinity":56,"b:136:2:138:Infinity:undefined:undefined:undefined:undefined":5,"s:136:2:138:Infinity":57,"b:136:6:136:33:136:33:136:64":6,"s:137:4:137:Infinity":58,"s:139:2:139:Infinity":59,"s:140:2:140:Infinity":60,"s:141:2:141:Infinity":61,"s:142:2:142:Infinity":62,"f:146:22:146:Infinity":27,"s:150:18:150:Infinity":63,"b:151:2:151:Infinity:undefined:undefined:undefined:undefined":7,"s:151:2:151:Infinity":64,"b:151:6:151:18:151:18:151:49":8,"s:151:49:151:Infinity":65,"s:152:15:152:Infinity":66,"s:153:2:153:Infinity":67,"s:154:2:154:Infinity":68,"s:155:2:155:Infinity":69,"s:156:2:156:Infinity":70,"f:160:22:160:Infinity":28,"s:165:18:165:Infinity":71,"b:166:2:166:Infinity:undefined:undefined:undefined:undefined":9,"s:166:2:166:Infinity":72,"s:166:16:166:Infinity":73,"s:167:2:167:Infinity":74,"s:168:2:168:Infinity":75,"s:169:2:169:Infinity":76,"s:170:2:170:Infinity":77}}}
,"/home/moika/Documents/code/origen-chat/lib/session-sync.ts": {"path":"/home/moika/Documents/code/origen-chat/lib/session-sync.ts","statementMap":{"0":{"start":{"line":1,"column":0},"end":{"line":1,"column":null}},"1":{"start":{"line":5,"column":12},"end":{"line":5,"column":null}},"2":{"start":{"line":9,"column":2},"end":{"line":25,"column":null}},"3":{"start":{"line":10,"column":16},"end":{"line":21,"column":null}},"4":{"start":{"line":22,"column":4},"end":{"line":22,"column":null}},"5":{"start":{"line":24,"column":4},"end":{"line":24,"column":null}},"6":{"start":{"line":30,"column":2},"end":{"line":37,"column":null}},"7":{"start":{"line":31,"column":16},"end":{"line":31,"column":null}},"8":{"start":{"line":32,"column":4},"end":{"line":32,"column":null}},"9":{"start":{"line":32,"column":17},"end":{"line":32,"column":null}},"10":{"start":{"line":33,"column":17},"end":{"line":33,"column":null}},"11":{"start":{"line":34,"column":4},"end":{"line":34,"column":null}},"12":{"start":{"line":36,"column":4},"end":{"line":36,"column":null}},"13":{"start":{"line":42,"column":2},"end":{"line":47,"column":null}},"14":{"start":{"line":43,"column":16},"end":{"line":43,"column":null}},"15":{"start":{"line":44,"column":4},"end":{"line":44,"column":null}},"16":{"start":{"line":46,"column":4},"end":{"line":46,"column":null}},"17":{"start":{"line":52,"column":14},"end":{"line":52,"column":null}},"18":{"start":{"line":53,"column":2},"end":{"line":53,"column":null}},"19":{"start":{"line":53,"column":25},"end":{"line":53,"column":null}},"20":{"start":{"line":54,"column":2},"end":{"line":59,"column":null}},"21":{"start":{"line":55,"column":21},"end":{"line":55,"column":null}},"22":{"start":{"line":56,"column":4},"end":{"line":58,"column":null}},"23":{"start":{"line":57,"column":6},"end":{"line":57,"column":null}},"24":{"start":{"line":60,"column":2},"end":{"line":60,"column":null}},"25":{"start":{"line":60,"column":49},"end":{"line":60,"column":74}},"26":{"start":{"line":76,"column":2},"end":{"line":84,"column":null}}},"fnMap":{"0":{"name":"pushSession","decl":{"start":{"line":8,"column":22},"end":{"line":8,"column":34}},"loc":{"start":{"line":8,"column":70},"end":{"line":26,"column":null}},"line":8},"1":{"name":"pullSessions","decl":{"start":{"line":29,"column":22},"end":{"line":29,"column":57}},"loc":{"start":{"line":29,"column":57},"end":{"line":38,"column":null}},"line":29},"2":{"name":"deleteRemoteSession","decl":{"start":{"line":41,"column":22},"end":{"line":41,"column":42}},"loc":{"start":{"line":41,"column":72},"end":{"line":48,"column":null}},"line":41},"3":{"name":"mergeSessions","decl":{"start":{"line":51,"column":16},"end":{"line":51,"column":30}},"loc":{"start":{"line":51,"column":78},"end":{"line":61,"column":null}},"line":51},"4":{"name":"(anonymous_4)","decl":{"start":{"line":60,"column":34},"end":{"line":60,"column":40}},"loc":{"start":{"line":60,"column":49},"end":{"line":60,"column":74}},"line":60},"5":{"name":"fromServer","decl":{"start":{"line":75,"column":9},"end":{"line":75,"column":20}},"loc":{"start":{"line":75,"column":47},"end":{"line":85,"column":null}},"line":75}},"branchMap":{"0":{"loc":{"start":{"line":32,"column":4},"end":{"line":32,"column":null}},"type":"if","locations":[{"start":{"line":32,"column":4},"end":{"line":32,"column":null}},{"start":{},"end":{}}],"line":32},"1":{"loc":{"start":{"line":56,"column":4},"end":{"line":58,"column":null}},"type":"if","locations":[{"start":{"line":56,"column":4},"end":{"line":58,"column":null}},{"start":{},"end":{}}],"line":56},"2":{"loc":{"start":{"line":56,"column":8},"end":{"line":56,"column":55}},"type":"binary-expr","locations":[{"start":{"line":56,"column":8},"end":{"line":56,"column":21}},{"start":{"line":56,"column":21},"end":{"line":56,"column":55}}],"line":56},"3":{"loc":{"start":{"line":80,"column":18},"end":{"line":80,"column":null}},"type":"binary-expr","locations":[{"start":{"line":80,"column":18},"end":{"line":80,"column":37}},{"start":{"line":80,"column":37},"end":{"line":80,"column":null}}],"line":80}},"s":{"0":2,"1":2,"2":1,"3":1,"4":0,"5":1,"6":1,"7":1,"8":0,"9":0,"10":0,"11":0,"12":1,"13":1,"14":1,"15":0,"16":1,"17":6,"18":6,"19":7,"20":6,"21":5,"22":5,"23":4,"24":6,"25":5,"26":0},"f":{"0":1,"1":1,"2":1,"3":6,"4":5,"5":0},"b":{"0":[0,0],"1":[4,1],"2":[5,2],"3":[0,0]},"meta":{"lastBranch":4,"lastFunction":6,"lastStatement":27,"seen":{"s:1:0:1:Infinity":0,"s:5:12:5:Infinity":1,"f:8:22:8:34":0,"s:9:2:25:Infinity":2,"s:10:16:21:Infinity":3,"s:22:4:22:Infinity":4,"s:24:4:24:Infinity":5,"f:29:22:29:57":1,"s:30:2:37:Infinity":6,"s:31:16:31:Infinity":7,"b:32:4:32:Infinity:undefined:undefined:undefined:undefined":0,"s:32:4:32:Infinity":8,"s:32:17:32:Infinity":9,"s:33:17:33:Infinity":10,"s:34:4:34:Infinity":11,"s:36:4:36:Infinity":12,"f:41:22:41:42":2,"s:42:2:47:Infinity":13,"s:43:16:43:Infinity":14,"s:44:4:44:Infinity":15,"s:46:4:46:Infinity":16,"f:51:16:51:30":3,"s:52:14:52:Infinity":17,"s:53:2:53:Infinity":18,"s:53:25:53:Infinity":19,"s:54:2:59:Infinity":20,"s:55:21:55:Infinity":21,"b:56:4:58:Infinity:undefined:undefined:undefined:undefined":1,"s:56:4:58:Infinity":22,"b:56:8:56:21:56:21:56:55":2,"s:57:6:57:Infinity":23,"s:60:2:60:Infinity":24,"f:60:34:60:40":4,"s:60:49:60:74":25,"f:75:9:75:20":5,"s:76:2:84:Infinity":26,"b:80:18:80:37:80:37:80:Infinity":3}}}
,"/home/moika/Documents/code/origen-chat/lib/use-sessions.ts": {"path":"/home/moika/Documents/code/origen-chat/lib/use-sessions.ts","statementMap":{"0":{"start":{"line":1,"column":0},"end":{"line":1,"column":null}},"1":{"start":{"line":21,"column":19},"end":{"line":21,"column":null}},"2":{"start":{"line":22,"column":19},"end":{"line":22,"column":null}},"3":{"start":{"line":23,"column":24},"end":{"line":23,"column":null}},"4":{"start":{"line":24,"column":18},"end":{"line":24,"column":null}},"5":{"start":{"line":26,"column":8},"end":{"line":26,"column":null}},"6":{"start":{"line":29,"column":2},"end":{"line":34,"column":null}},"7":{"start":{"line":30,"column":4},"end":{"line":33,"column":null}},"8":{"start":{"line":31,"column":6},"end":{"line":31,"column":null}},"9":{"start":{"line":32,"column":6},"end":{"line":32,"column":null}},"10":{"start":{"line":36,"column":8},"end":{"line":39,"column":null}},"11":{"start":{"line":37,"column":14},"end":{"line":37,"column":null}},"12":{"start":{"line":38,"column":4},"end":{"line":38,"column":null}},"13":{"start":{"line":42,"column":8},"end":{"line":55,"column":null}},"14":{"start":{"line":43,"column":4},"end":{"line":54,"column":null}},"15":{"start":{"line":44,"column":21},"end":{"line":44,"column":null}},"16":{"start":{"line":45,"column":6},"end":{"line":45,"column":null}},"17":{"start":{"line":45,"column":31},"end":{"line":45,"column":null}},"18":{"start":{"line":46,"column":12},"end":{"line":46,"column":null}},"19":{"start":{"line":48,"column":6},"end":{"line":50,"column":null}},"20":{"start":{"line":49,"column":8},"end":{"line":49,"column":null}},"21":{"start":{"line":51,"column":6},"end":{"line":51,"column":null}},"22":{"start":{"line":58,"column":8},"end":{"line":68,"column":null}},"23":{"start":{"line":60,"column":12},"end":{"line":60,"column":null}},"24":{"start":{"line":61,"column":6},"end":{"line":61,"column":null}},"25":{"start":{"line":62,"column":6},"end":{"line":62,"column":null}},"26":{"start":{"line":63,"column":6},"end":{"line":63,"column":null}},"27":{"start":{"line":64,"column":6},"end":{"line":64,"column":null}},"28":{"start":{"line":65,"column":6},"end":{"line":65,"column":null}},"29":{"start":{"line":71,"column":8},"end":{"line":80,"column":null}},"30":{"start":{"line":73,"column":22},"end":{"line":73,"column":null}},"31":{"start":{"line":74,"column":6},"end":{"line":77,"column":null}},"32":{"start":{"line":75,"column":8},"end":{"line":75,"column":null}},"33":{"start":{"line":76,"column":8},"end":{"line":76,"column":null}},"34":{"start":{"line":83,"column":8},"end":{"line":93,"column":null}},"35":{"start":{"line":85,"column":6},"end":{"line":85,"column":null}},"36":{"start":{"line":86,"column":6},"end":{"line":89,"column":null}},"37":{"start":{"line":87,"column":8},"end":{"line":87,"column":null}},"38":{"start":{"line":88,"column":8},"end":{"line":88,"column":null}},"39":{"start":{"line":90,"column":6},"end":{"line":90,"column":null}},"40":{"start":{"line":96,"column":8},"end":{"line":105,"column":null}},"41":{"start":{"line":98,"column":6},"end":{"line":98,"column":null}},"42":{"start":{"line":99,"column":6},"end":{"line":99,"column":null}},"43":{"start":{"line":100,"column":6},"end":{"line":102,"column":null}},"44":{"start":{"line":101,"column":8},"end":{"line":101,"column":null}},"45":{"start":{"line":101,"column":36},"end":{"line":101,"column":69}},"46":{"start":{"line":108,"column":8},"end":{"line":119,"column":null}},"47":{"start":{"line":110,"column":17},"end":{"line":110,"column":null}},"48":{"start":{"line":111,"column":6},"end":{"line":111,"column":null}},"49":{"start":{"line":111,"column":15},"end":{"line":111,"column":null}},"50":{"start":{"line":112,"column":22},"end":{"line":112,"column":null}},"51":{"start":{"line":113,"column":6},"end":{"line":116,"column":null}},"52":{"start":{"line":114,"column":8},"end":{"line":114,"column":null}},"53":{"start":{"line":115,"column":8},"end":{"line":115,"column":null}},"54":{"start":{"line":129,"column":8},"end":{"line":161,"column":null}},"55":{"start":{"line":131,"column":17},"end":{"line":131,"column":null}},"56":{"start":{"line":132,"column":6},"end":{"line":132,"column":null}},"57":{"start":{"line":132,"column":15},"end":{"line":132,"column":null}},"58":{"start":{"line":134,"column":6},"end":{"line":142,"column":null}},"59":{"start":{"line":135,"column":8},"end":{"line":135,"column":null}},"60":{"start":{"line":135,"column":49},"end":{"line":135,"column":null}},"61":{"start":{"line":136,"column":25},"end":{"line":136,"column":null}},"62":{"start":{"line":137,"column":8},"end":{"line":140,"column":null}},"63":{"start":{"line":141,"column":8},"end":{"line":141,"column":null}},"64":{"start":{"line":145,"column":6},"end":{"line":145,"column":null}},"65":{"start":{"line":145,"column":31},"end":{"line":145,"column":null}},"66":{"start":{"line":146,"column":6},"end":{"line":158,"column":null}},"67":{"start":{"line":147,"column":8},"end":{"line":147,"column":null}},"68":{"start":{"line":147,"column":17},"end":{"line":147,"column":null}},"69":{"start":{"line":149,"column":8},"end":{"line":157,"column":null}},"70":{"start":{"line":150,"column":10},"end":{"line":150,"column":null}},"71":{"start":{"line":150,"column":51},"end":{"line":150,"column":null}},"72":{"start":{"line":151,"column":26},"end":{"line":151,"column":null}},"73":{"start":{"line":153,"column":10},"end":{"line":155,"column":null}},"74":{"start":{"line":156,"column":10},"end":{"line":156,"column":null}},"75":{"start":{"line":164,"column":8},"end":{"line":176,"column":null}},"76":{"start":{"line":166,"column":17},"end":{"line":166,"column":null}},"77":{"start":{"line":167,"column":6},"end":{"line":167,"column":null}},"78":{"start":{"line":167,"column":15},"end":{"line":167,"column":null}},"79":{"start":{"line":168,"column":6},"end":{"line":168,"column":null}},"80":{"start":{"line":168,"column":31},"end":{"line":168,"column":null}},"81":{"start":{"line":169,"column":22},"end":{"line":169,"column":null}},"82":{"start":{"line":170,"column":6},"end":{"line":173,"column":null}},"83":{"start":{"line":171,"column":8},"end":{"line":171,"column":null}},"84":{"start":{"line":172,"column":8},"end":{"line":172,"column":null}},"85":{"start":{"line":179,"column":8},"end":{"line":182,"column":null}},"86":{"start":{"line":180,"column":4},"end":{"line":180,"column":null}},"87":{"start":{"line":181,"column":4},"end":{"line":181,"column":null}},"88":{"start":{"line":186,"column":8},"end":{"line":208,"column":null}},"89":{"start":{"line":188,"column":17},"end":{"line":188,"column":null}},"90":{"start":{"line":189,"column":6},"end":{"line":189,"column":null}},"91":{"start":{"line":189,"column":33},"end":{"line":189,"column":null}},"92":{"start":{"line":190,"column":32},"end":{"line":190,"column":null}},"93":{"start":{"line":192,"column":44},"end":{"line":195,"column":null}},"94":{"start":{"line":196,"column":26},"end":{"line":196,"column":null}},"95":{"start":{"line":197,"column":31},"end":{"line":201,"column":null}},"96":{"start":{"line":202,"column":6},"end":{"line":202,"column":null}},"97":{"start":{"line":203,"column":6},"end":{"line":203,"column":null}},"98":{"start":{"line":204,"column":6},"end":{"line":204,"column":null}},"99":{"start":{"line":205,"column":6},"end":{"line":205,"column":null}},"100":{"start":{"line":211,"column":8},"end":{"line":221,"column":null}},"101":{"start":{"line":213,"column":22},"end":{"line":213,"column":null}},"102":{"start":{"line":214,"column":6},"end":{"line":214,"column":null}},"103":{"start":{"line":214,"column":20},"end":{"line":214,"column":null}},"104":{"start":{"line":215,"column":22},"end":{"line":215,"column":null}},"105":{"start":{"line":216,"column":6},"end":{"line":216,"column":null}},"106":{"start":{"line":217,"column":6},"end":{"line":217,"column":null}},"107":{"start":{"line":217,"column":27},"end":{"line":217,"column":null}},"108":{"start":{"line":218,"column":6},"end":{"line":218,"column":null}},"109":{"start":{"line":224,"column":8},"end":{"line":241,"column":null}},"110":{"start":{"line":225,"column":4},"end":{"line":225,"column":null}},"111":{"start":{"line":225,"column":37},"end":{"line":225,"column":null}},"112":{"start":{"line":226,"column":17},"end":{"line":226,"column":null}},"113":{"start":{"line":227,"column":4},"end":{"line":227,"column":null}},"114":{"start":{"line":227,"column":27},"end":{"line":227,"column":null}},"115":{"start":{"line":229,"column":29},"end":{"line":229,"column":null}},"116":{"start":{"line":229,"column":64},"end":{"line":229,"column":98}},"117":{"start":{"line":230,"column":4},"end":{"line":230,"column":null}},"118":{"start":{"line":230,"column":33},"end":{"line":230,"column":null}},"119":{"start":{"line":231,"column":24},"end":{"line":231,"column":null}},"120":{"start":{"line":232,"column":29},"end":{"line":236,"column":null}},"121":{"start":{"line":237,"column":4},"end":{"line":237,"column":null}},"122":{"start":{"line":238,"column":4},"end":{"line":238,"column":null}},"123":{"start":{"line":239,"column":4},"end":{"line":239,"column":null}},"124":{"start":{"line":240,"column":4},"end":{"line":240,"column":null}},"125":{"start":{"line":243,"column":2},"end":{"line":260,"column":null}}},"fnMap":{"0":{"name":"useSessions","decl":{"start":{"line":20,"column":16},"end":{"line":20,"column":30}},"loc":{"start":{"line":20,"column":30},"end":{"line":261,"column":null}},"line":20},"1":{"name":"(anonymous_1)","decl":{"start":{"line":29,"column":2},"end":{"line":29,"column":18}},"loc":{"start":{"line":29,"column":18},"end":{"line":34,"column":5}},"line":29},"2":{"name":"(anonymous_2)","decl":{"start":{"line":30,"column":19},"end":{"line":30,"column":25}},"loc":{"start":{"line":30,"column":31},"end":{"line":33,"column":5}},"line":30},"3":{"name":"(anonymous_3)","decl":{"start":{"line":36,"column":34},"end":{"line":36,"column":46}},"loc":{"start":{"line":36,"column":46},"end":{"line":39,"column":5}},"line":36},"4":{"name":"(anonymous_4)","decl":{"start":{"line":42,"column":33},"end":{"line":42,"column":40}},"loc":{"start":{"line":42,"column":59},"end":{"line":55,"column":5}},"line":42},"5":{"name":"(anonymous_5)","decl":{"start":{"line":59,"column":4},"end":{"line":59,"column":11}},"loc":{"start":{"line":59,"column":29},"end":{"line":66,"column":null}},"line":59},"6":{"name":"(anonymous_6)","decl":{"start":{"line":72,"column":4},"end":{"line":72,"column":11}},"loc":{"start":{"line":72,"column":26},"end":{"line":78,"column":null}},"line":72},"7":{"name":"(anonymous_7)","decl":{"start":{"line":84,"column":4},"end":{"line":84,"column":11}},"loc":{"start":{"line":84,"column":26},"end":{"line":91,"column":null}},"line":84},"8":{"name":"(anonymous_8)","decl":{"start":{"line":97,"column":4},"end":{"line":97,"column":11}},"loc":{"start":{"line":97,"column":41},"end":{"line":103,"column":null}},"line":97},"9":{"name":"(anonymous_9)","decl":{"start":{"line":101,"column":8},"end":{"line":101,"column":26}},"loc":{"start":{"line":101,"column":36},"end":{"line":101,"column":69}},"line":101},"10":{"name":"(anonymous_10)","decl":{"start":{"line":109,"column":4},"end":{"line":109,"column":11}},"loc":{"start":{"line":109,"column":60},"end":{"line":117,"column":null}},"line":109},"11":{"name":"(anonymous_11)","decl":{"start":{"line":129,"column":28},"end":{"line":129,"column":null}},"loc":{"start":{"line":130,"column":63},"end":{"line":159,"column":null}},"line":130},"12":{"name":"(anonymous_12)","decl":{"start":{"line":134,"column":6},"end":{"line":134,"column":24}},"loc":{"start":{"line":134,"column":33},"end":{"line":142,"column":7}},"line":134},"13":{"name":"(anonymous_13)","decl":{"start":{"line":146,"column":39},"end":{"line":146,"column":51}},"loc":{"start":{"line":146,"column":51},"end":{"line":158,"column":9}},"line":146},"14":{"name":"(anonymous_14)","decl":{"start":{"line":149,"column":8},"end":{"line":149,"column":26}},"loc":{"start":{"line":149,"column":35},"end":{"line":157,"column":9}},"line":149},"15":{"name":"(anonymous_15)","decl":{"start":{"line":153,"column":45},"end":{"line":153,"column":57}},"loc":{"start":{"line":153,"column":57},"end":{"line":155,"column":11}},"line":153},"16":{"name":"(anonymous_16)","decl":{"start":{"line":165,"column":4},"end":{"line":165,"column":11}},"loc":{"start":{"line":165,"column":69},"end":{"line":174,"column":null}},"line":165},"17":{"name":"(anonymous_17)","decl":{"start":{"line":179,"column":22},"end":{"line":179,"column":40}},"loc":{"start":{"line":179,"column":40},"end":{"line":182,"column":5}},"line":179},"18":{"name":"(anonymous_18)","decl":{"start":{"line":187,"column":4},"end":{"line":187,"column":11}},"loc":{"start":{"line":187,"column":53},"end":{"line":206,"column":null}},"line":187},"19":{"name":"(anonymous_19)","decl":{"start":{"line":212,"column":4},"end":{"line":212,"column":11}},"loc":{"start":{"line":212,"column":48},"end":{"line":219,"column":null}},"line":212},"20":{"name":"(anonymous_20)","decl":{"start":{"line":224,"column":45},"end":{"line":224,"column":57}},"loc":{"start":{"line":224,"column":57},"end":{"line":241,"column":5}},"line":224},"21":{"name":"(anonymous_21)","decl":{"start":{"line":229,"column":34},"end":{"line":229,"column":42}},"loc":{"start":{"line":229,"column":64},"end":{"line":229,"column":98}},"line":229}},"branchMap":{"0":{"loc":{"start":{"line":45,"column":6},"end":{"line":45,"column":null}},"type":"if","locations":[{"start":{"line":45,"column":6},"end":{"line":45,"column":null}},{"start":{},"end":{}}],"line":45},"1":{"loc":{"start":{"line":74,"column":6},"end":{"line":77,"column":null}},"type":"if","locations":[{"start":{"line":74,"column":6},"end":{"line":77,"column":null}},{"start":{},"end":{}}],"line":74},"2":{"loc":{"start":{"line":86,"column":6},"end":{"line":89,"column":null}},"type":"if","locations":[{"start":{"line":86,"column":6},"end":{"line":89,"column":null}},{"start":{},"end":{}}],"line":86},"3":{"loc":{"start":{"line":100,"column":6},"end":{"line":102,"column":null}},"type":"if","locations":[{"start":{"line":100,"column":6},"end":{"line":102,"column":null}},{"start":{},"end":{}}],"line":100},"4":{"loc":{"start":{"line":101,"column":36},"end":{"line":101,"column":69}},"type":"cond-expr","locations":[{"start":{"line":101,"column":43},"end":{"line":101,"column":64}},{"start":{"line":101,"column":64},"end":{"line":101,"column":69}}],"line":101},"5":{"loc":{"start":{"line":110,"column":17},"end":{"line":110,"column":null}},"type":"binary-expr","locations":[{"start":{"line":110,"column":17},"end":{"line":110,"column":31}},{"start":{"line":110,"column":31},"end":{"line":110,"column":null}}],"line":110},"6":{"loc":{"start":{"line":111,"column":6},"end":{"line":111,"column":null}},"type":"if","locations":[{"start":{"line":111,"column":6},"end":{"line":111,"column":null}},{"start":{},"end":{}}],"line":111},"7":{"loc":{"start":{"line":113,"column":6},"end":{"line":116,"column":null}},"type":"if","locations":[{"start":{"line":113,"column":6},"end":{"line":116,"column":null}},{"start":{},"end":{}}],"line":113},"8":{"loc":{"start":{"line":131,"column":17},"end":{"line":131,"column":null}},"type":"binary-expr","locations":[{"start":{"line":131,"column":17},"end":{"line":131,"column":31}},{"start":{"line":131,"column":31},"end":{"line":131,"column":null}}],"line":131},"9":{"loc":{"start":{"line":132,"column":6},"end":{"line":132,"column":null}},"type":"if","locations":[{"start":{"line":132,"column":6},"end":{"line":132,"column":null}},{"start":{},"end":{}}],"line":132},"10":{"loc":{"start":{"line":135,"column":8},"end":{"line":135,"column":null}},"type":"if","locations":[{"start":{"line":135,"column":8},"end":{"line":135,"column":null}},{"start":{},"end":{}}],"line":135},"11":{"loc":{"start":{"line":135,"column":12},"end":{"line":135,"column":49}},"type":"binary-expr","locations":[{"start":{"line":135,"column":12},"end":{"line":135,"column":21}},{"start":{"line":135,"column":21},"end":{"line":135,"column":49}}],"line":135},"12":{"loc":{"start":{"line":145,"column":6},"end":{"line":145,"column":null}},"type":"if","locations":[{"start":{"line":145,"column":6},"end":{"line":145,"column":null}},{"start":{},"end":{}}],"line":145},"13":{"loc":{"start":{"line":147,"column":8},"end":{"line":147,"column":null}},"type":"if","locations":[{"start":{"line":147,"column":8},"end":{"line":147,"column":null}},{"start":{},"end":{}}],"line":147},"14":{"loc":{"start":{"line":150,"column":10},"end":{"line":150,"column":null}},"type":"if","locations":[{"start":{"line":150,"column":10},"end":{"line":150,"column":null}},{"start":{},"end":{}}],"line":150},"15":{"loc":{"start":{"line":150,"column":14},"end":{"line":150,"column":51}},"type":"binary-expr","locations":[{"start":{"line":150,"column":14},"end":{"line":150,"column":23}},{"start":{"line":150,"column":23},"end":{"line":150,"column":51}}],"line":150},"16":{"loc":{"start":{"line":166,"column":17},"end":{"line":166,"column":null}},"type":"binary-expr","locations":[{"start":{"line":166,"column":17},"end":{"line":166,"column":31}},{"start":{"line":166,"column":31},"end":{"line":166,"column":null}}],"line":166},"17":{"loc":{"start":{"line":167,"column":6},"end":{"line":167,"column":null}},"type":"if","locations":[{"start":{"line":167,"column":6},"end":{"line":167,"column":null}},{"start":{},"end":{}}],"line":167},"18":{"loc":{"start":{"line":168,"column":6},"end":{"line":168,"column":null}},"type":"if","locations":[{"start":{"line":168,"column":6},"end":{"line":168,"column":null}},{"start":{},"end":{}}],"line":168},"19":{"loc":{"start":{"line":170,"column":6},"end":{"line":173,"column":null}},"type":"if","locations":[{"start":{"line":170,"column":6},"end":{"line":173,"column":null}},{"start":{},"end":{}}],"line":170},"20":{"loc":{"start":{"line":189,"column":6},"end":{"line":189,"column":null}},"type":"if","locations":[{"start":{"line":189,"column":6},"end":{"line":189,"column":null}},{"start":{},"end":{}}],"line":189},"21":{"loc":{"start":{"line":189,"column":10},"end":{"line":189,"column":33}},"type":"binary-expr","locations":[{"start":{"line":189,"column":10},"end":{"line":189,"column":17}},{"start":{"line":189,"column":17},"end":{"line":189,"column":33}}],"line":189},"22":{"loc":{"start":{"line":214,"column":6},"end":{"line":214,"column":null}},"type":"if","locations":[{"start":{"line":214,"column":6},"end":{"line":214,"column":null}},{"start":{},"end":{}}],"line":214},"23":{"loc":{"start":{"line":215,"column":50},"end":{"line":215,"column":77}},"type":"binary-expr","locations":[{"start":{"line":215,"column":50},"end":{"line":215,"column":66}},{"start":{"line":215,"column":66},"end":{"line":215,"column":77}}],"line":215},"24":{"loc":{"start":{"line":217,"column":6},"end":{"line":217,"column":null}},"type":"if","locations":[{"start":{"line":217,"column":6},"end":{"line":217,"column":null}},{"start":{},"end":{}}],"line":217},"25":{"loc":{"start":{"line":225,"column":4},"end":{"line":225,"column":null}},"type":"if","locations":[{"start":{"line":225,"column":4},"end":{"line":225,"column":null}},{"start":{},"end":{}}],"line":225},"26":{"loc":{"start":{"line":225,"column":8},"end":{"line":225,"column":37}},"type":"binary-expr","locations":[{"start":{"line":225,"column":8},"end":{"line":225,"column":21}},{"start":{"line":225,"column":21},"end":{"line":225,"column":37}}],"line":225},"27":{"loc":{"start":{"line":227,"column":4},"end":{"line":227,"column":null}},"type":"if","locations":[{"start":{"line":227,"column":4},"end":{"line":227,"column":null}},{"start":{},"end":{}}],"line":227},"28":{"loc":{"start":{"line":229,"column":64},"end":{"line":229,"column":98}},"type":"cond-expr","locations":[{"start":{"line":229,"column":89},"end":{"line":229,"column":93}},{"start":{"line":229,"column":93},"end":{"line":229,"column":98}}],"line":229},"29":{"loc":{"start":{"line":230,"column":4},"end":{"line":230,"column":null}},"type":"if","locations":[{"start":{"line":230,"column":4},"end":{"line":230,"column":null}},{"start":{},"end":{}}],"line":230}},"s":{"0":1,"1":47,"2":47,"3":47,"4":47,"5":47,"6":47,"7":11,"8":11,"9":11,"10":47,"11":22,"12":22,"13":47,"14":0,"15":0,"16":0,"17":0,"18":0,"19":0,"20":0,"21":0,"22":47,"23":11,"24":11,"25":11,"26":11,"27":11,"28":11,"29":47,"30":1,"31":1,"32":1,"33":1,"34":47,"35":1,"36":1,"37":1,"38":1,"39":1,"40":47,"41":1,"42":1,"43":1,"44":1,"45":1,"46":47,"47":6,"48":6,"49":0,"50":6,"51":6,"52":6,"53":6,"54":47,"55":1,"56":1,"57":0,"58":1,"59":1,"60":0,"61":1,"62":1,"63":1,"64":1,"65":0,"66":1,"67":0,"68":0,"69":0,"70":0,"71":0,"72":0,"73":0,"74":0,"75":47,"76":1,"77":1,"78":0,"79":1,"80":0,"81":1,"82":1,"83":1,"84":1,"85":47,"86":1,"87":1,"88":47,"89":1,"90":1,"91":0,"92":1,"93":1,"94":1,"95":1,"96":1,"97":1,"98":1,"99":1,"100":47,"101":1,"102":1,"103":0,"104":1,"105":1,"106":1,"107":1,"108":1,"109":47,"110":0,"111":0,"112":0,"113":0,"114":0,"115":0,"116":0,"117":0,"118":0,"119":0,"120":0,"121":0,"122":0,"123":0,"124":0,"125":47},"f":{"0":47,"1":11,"2":11,"3":22,"4":0,"5":11,"6":1,"7":1,"8":1,"9":1,"10":6,"11":1,"12":1,"13":0,"14":0,"15":0,"16":1,"17":1,"18":1,"19":1,"20":0,"21":0},"b":{"0":[0,0],"1":[1,0],"2":[1,0],"3":[1,0],"4":[1,0],"5":[6,0],"6":[0,6],"7":[6,0],"8":[1,0],"9":[0,1],"10":[0,1],"11":[1,1],"12":[0,1],"13":[0,0],"14":[0,0],"15":[0,0],"16":[1,0],"17":[0,1],"18":[0,1],"19":[1,0],"20":[0,1],"21":[1,1],"22":[0,1],"23":[1,0],"24":[1,0],"25":[0,0],"26":[0,0],"27":[0,0],"28":[0,0],"29":[0,0]},"meta":{"lastBranch":30,"lastFunction":22,"lastStatement":126,"seen":{"s:1:0:1:Infinity":0,"f:20:16:20:30":0,"s:21:19:21:Infinity":1,"s:22:19:22:Infinity":2,"s:23:24:23:Infinity":3,"s:24:18:24:Infinity":4,"s:26:8:26:Infinity":5,"s:29:2:34:Infinity":6,"f:29:2:29:18":1,"s:30:4:33:Infinity":7,"f:30:19:30:25":2,"s:31:6:31:Infinity":8,"s:32:6:32:Infinity":9,"s:36:8:39:Infinity":10,"f:36:34:36:46":3,"s:37:14:37:Infinity":11,"s:38:4:38:Infinity":12,"s:42:8:55:Infinity":13,"f:42:33:42:40":4,"s:43:4:54:Infinity":14,"s:44:21:44:Infinity":15,"b:45:6:45:Infinity:undefined:undefined:undefined:undefined":0,"s:45:6:45:Infinity":16,"s:45:31:45:Infinity":17,"s:46:12:46:Infinity":18,"s:48:6:50:Infinity":19,"s:49:8:49:Infinity":20,"s:51:6:51:Infinity":21,"s:58:8:68:Infinity":22,"f:59:4:59:11":5,"s:60:12:60:Infinity":23,"s:61:6:61:Infinity":24,"s:62:6:62:Infinity":25,"s:63:6:63:Infinity":26,"s:64:6:64:Infinity":27,"s:65:6:65:Infinity":28,"s:71:8:80:Infinity":29,"f:72:4:72:11":6,"s:73:22:73:Infinity":30,"b:74:6:77:Infinity:undefined:undefined:undefined:undefined":1,"s:74:6:77:Infinity":31,"s:75:8:75:Infinity":32,"s:76:8:76:Infinity":33,"s:83:8:93:Infinity":34,"f:84:4:84:11":7,"s:85:6:85:Infinity":35,"b:86:6:89:Infinity:undefined:undefined:undefined:undefined":2,"s:86:6:89:Infinity":36,"s:87:8:87:Infinity":37,"s:88:8:88:Infinity":38,"s:90:6:90:Infinity":39,"s:96:8:105:Infinity":40,"f:97:4:97:11":8,"s:98:6:98:Infinity":41,"s:99:6:99:Infinity":42,"b:100:6:102:Infinity:undefined:undefined:undefined:undefined":3,"s:100:6:102:Infinity":43,"s:101:8:101:Infinity":44,"f:101:8:101:26":9,"s:101:36:101:69":45,"b:101:43:101:64:101:64:101:69":4,"s:108:8:119:Infinity":46,"f:109:4:109:11":10,"s:110:17:110:Infinity":47,"b:110:17:110:31:110:31:110:Infinity":5,"b:111:6:111:Infinity:undefined:undefined:undefined:undefined":6,"s:111:6:111:Infinity":48,"s:111:15:111:Infinity":49,"s:112:22:112:Infinity":50,"b:113:6:116:Infinity:undefined:undefined:undefined:undefined":7,"s:113:6:116:Infinity":51,"s:114:8:114:Infinity":52,"s:115:8:115:Infinity":53,"s:129:8:161:Infinity":54,"f:129:28:129:Infinity":11,"s:131:17:131:Infinity":55,"b:131:17:131:31:131:31:131:Infinity":8,"b:132:6:132:Infinity:undefined:undefined:undefined:undefined":9,"s:132:6:132:Infinity":56,"s:132:15:132:Infinity":57,"s:134:6:142:Infinity":58,"f:134:6:134:24":12,"b:135:8:135:Infinity:undefined:undefined:undefined:undefined":10,"s:135:8:135:Infinity":59,"b:135:12:135:21:135:21:135:49":11,"s:135:49:135:Infinity":60,"s:136:25:136:Infinity":61,"s:137:8:140:Infinity":62,"s:141:8:141:Infinity":63,"b:145:6:145:Infinity:undefined:undefined:undefined:undefined":12,"s:145:6:145:Infinity":64,"s:145:31:145:Infinity":65,"s:146:6:158:Infinity":66,"f:146:39:146:51":13,"b:147:8:147:Infinity:undefined:undefined:undefined:undefined":13,"s:147:8:147:Infinity":67,"s:147:17:147:Infinity":68,"s:149:8:157:Infinity":69,"f:149:8:149:26":14,"b:150:10:150:Infinity:undefined:undefined:undefined:undefined":14,"s:150:10:150:Infinity":70,"b:150:14:150:23:150:23:150:51":15,"s:150:51:150:Infinity":71,"s:151:26:151:Infinity":72,"s:153:10:155:Infinity":73,"f:153:45:153:57":15,"s:156:10:156:Infinity":74,"s:164:8:176:Infinity":75,"f:165:4:165:11":16,"s:166:17:166:Infinity":76,"b:166:17:166:31:166:31:166:Infinity":16,"b:167:6:167:Infinity:undefined:undefined:undefined:undefined":17,"s:167:6:167:Infinity":77,"s:167:15:167:Infinity":78,"b:168:6:168:Infinity:undefined:undefined:undefined:undefined":18,"s:168:6:168:Infinity":79,"s:168:31:168:Infinity":80,"s:169:22:169:Infinity":81,"b:170:6:173:Infinity:undefined:undefined:undefined:undefined":19,"s:170:6:173:Infinity":82,"s:171:8:171:Infinity":83,"s:172:8:172:Infinity":84,"s:179:8:182:Infinity":85,"f:179:22:179:40":17,"s:180:4:180:Infinity":86,"s:181:4:181:Infinity":87,"s:186:8:208:Infinity":88,"f:187:4:187:11":18,"s:188:17:188:Infinity":89,"b:189:6:189:Infinity:undefined:undefined:undefined:undefined":20,"s:189:6:189:Infinity":90,"b:189:10:189:17:189:17:189:33":21,"s:189:33:189:Infinity":91,"s:190:32:190:Infinity":92,"s:192:44:195:Infinity":93,"s:196:26:196:Infinity":94,"s:197:31:201:Infinity":95,"s:202:6:202:Infinity":96,"s:203:6:203:Infinity":97,"s:204:6:204:Infinity":98,"s:205:6:205:Infinity":99,"s:211:8:221:Infinity":100,"f:212:4:212:11":19,"s:213:22:213:Infinity":101,"b:214:6:214:Infinity:undefined:undefined:undefined:undefined":22,"s:214:6:214:Infinity":102,"s:214:20:214:Infinity":103,"s:215:22:215:Infinity":104,"b:215:50:215:66:215:66:215:77":23,"s:216:6:216:Infinity":105,"b:217:6:217:Infinity:undefined:undefined:undefined:undefined":24,"s:217:6:217:Infinity":106,"s:217:27:217:Infinity":107,"s:218:6:218:Infinity":108,"s:224:8:241:Infinity":109,"f:224:45:224:57":20,"b:225:4:225:Infinity:undefined:undefined:undefined:undefined":25,"s:225:4:225:Infinity":110,"b:225:8:225:21:225:21:225:37":26,"s:225:37:225:Infinity":111,"s:226:17:226:Infinity":112,"b:227:4:227:Infinity:undefined:undefined:undefined:undefined":27,"s:227:4:227:Infinity":113,"s:227:27:227:Infinity":114,"s:229:29:229:Infinity":115,"f:229:34:229:42":21,"s:229:64:229:98":116,"b:229:89:229:93:229:93:229:98":28,"b:230:4:230:Infinity:undefined:undefined:undefined:undefined":29,"s:230:4:230:Infinity":117,"s:230:33:230:Infinity":118,"s:231:24:231:Infinity":119,"s:232:29:236:Infinity":120,"s:237:4:237:Infinity":121,"s:238:4:238:Infinity":122,"s:239:4:239:Infinity":123,"s:240:4:240:Infinity":124,"s:243:2:260:Infinity":125}}}
}
